Started GET "/" for 127.0.0.1 at 2022-03-11 15:22:52 +0000
  [1m[35m (1.0ms)[0m  [1m[34mSELECT sqlite_version(*)[0m
Processing by Rails::WelcomeController#index as HTML
  Rendering /home/vmuser/.rbenv/versions/3.0.3/lib/ruby/gems/3.0.0/gems/railties-7.0.2.3/lib/rails/templates/rails/welcome/index.html.erb
  Rendered /home/vmuser/.rbenv/versions/3.0.3/lib/ruby/gems/3.0.0/gems/railties-7.0.2.3/lib/rails/templates/rails/welcome/index.html.erb (Duration: 1.3ms | Allocations: 832)
Completed 200 OK in 10ms (Views: 4.3ms | ActiveRecord: 0.0ms | Allocations: 7645)


Started GET "/" for 127.0.0.1 at 2022-03-11 15:27:39 +0000
  
SyntaxError (/home/vmuser/Desktop/Vee/myApplication/config/routes.rb:3: syntax error, unexpected label, expecting '='
  root , to:"main#new"
         ^~~
):
  
config/routes.rb:3: syntax error, unexpected label, expecting '='
config/routes.rb:3: syntax error, unexpected label, expecting '='
config/routes.rb:3: syntax error, unexpected label, expecting '='
Started GET "/" for 127.0.0.1 at 2022-03-11 15:28:08 +0000
Processing by MainController#new as HTML
  Rendering layout layouts/application.html.erb
  Rendering main/new.html.erb within layouts/application
  Rendered main/new.html.erb within layouts/application (Duration: 0.4ms | Allocations: 143)
  Rendered layout layouts/application.html.erb (Duration: 233.2ms | Allocations: 89772)
Completed 200 OK in 236ms (Views: 234.9ms | Allocations: 91015)


Started GET "/" for 127.0.0.1 at 2022-03-11 15:33:08 +0000
Processing by MainController#new as HTML
Completed 500 Internal Server Error in 2ms (Allocations: 2248)


  
NameError (uninitialized constant MainController::User):
  
app/controllers/main_controller.rb:3:in `new'
  [1m[35m (0.3ms)[0m  [1m[34mSELECT sqlite_version(*)[0m
  [1m[35m (108.8ms)[0m  [1m[35mCREATE TABLE "schema_migrations" ("version" varchar NOT NULL PRIMARY KEY)[0m
  [1m[35m (90.8ms)[0m  [1m[35mCREATE TABLE "ar_internal_metadata" ("key" varchar NOT NULL PRIMARY KEY, "value" varchar, "created_at" datetime(6) NOT NULL, "updated_at" datetime(6) NOT NULL)[0m
  [1m[36mActiveRecord::SchemaMigration Pluck (0.1ms)[0m  [1m[34mSELECT "schema_migrations"."version" FROM "schema_migrations" ORDER BY "schema_migrations"."version" ASC[0m
Migrating to CreateUsers (20220311153708)
  [1m[36mTRANSACTION (0.1ms)[0m  [1m[36mbegin transaction[0m
  [1m[35m (0.4ms)[0m  [1m[35mCREATE TABLE "users" ("id" integer PRIMARY KEY AUTOINCREMENT NOT NULL, "email" varchar, "type" varchar, "password_digest" varchar, "created_at" datetime(6) NOT NULL, "updated_at" datetime(6) NOT NULL)[0m
  [1m[36mActiveRecord::SchemaMigration Create (0.3ms)[0m  [1m[32mINSERT INTO "schema_migrations" ("version") VALUES (?)[0m  [["version", "20220311153708"]]
  [1m[36mTRANSACTION (139.7ms)[0m  [1m[36mcommit transaction[0m
  [1m[36mActiveRecord::InternalMetadata Load (0.4ms)[0m  [1m[34mSELECT "ar_internal_metadata".* FROM "ar_internal_metadata" WHERE "ar_internal_metadata"."key" = ? LIMIT ?[0m  [["key", "environment"], ["LIMIT", 1]]
  [1m[36mTRANSACTION (0.1ms)[0m  [1m[36mbegin transaction[0m
  [1m[36mActiveRecord::InternalMetadata Create (0.5ms)[0m  [1m[32mINSERT INTO "ar_internal_metadata" ("key", "value", "created_at", "updated_at") VALUES (?, ?, ?, ?)[0m  [["key", "environment"], ["value", "development"], ["created_at", "2022-03-11 15:37:22.306105"], ["updated_at", "2022-03-11 15:37:22.306105"]]
  [1m[36mTRANSACTION (105.0ms)[0m  [1m[36mcommit transaction[0m
  [1m[35m (0.2ms)[0m  [1m[34mSELECT sqlite_version(*)[0m
  [1m[36mActiveRecord::SchemaMigration Pluck (0.3ms)[0m  [1m[34mSELECT "schema_migrations"."version" FROM "schema_migrations" ORDER BY "schema_migrations"."version" ASC[0m
  [1m[35m (1.2ms)[0m  [1m[34mSELECT sqlite_version(*)[0m
  [1m[36mUser Load (0.3ms)[0m  [1m[34mSELECT "users".* FROM "users"[0m
  [1m[35m (0.4ms)[0m  [1m[34mSELECT sqlite_version(*)[0m
  [1m[36mUser Load (0.1ms)[0m  [1m[34mSELECT "users".* FROM "users"[0m
Started GET "/" for 127.0.0.1 at 2022-03-11 15:48:37 +0000
  [1m[35m (0.0ms)[0m  [1m[34mSELECT sqlite_version(*)[0m
  [1m[36mActiveRecord::SchemaMigration Pluck (0.6ms)[0m  [1m[34mSELECT "schema_migrations"."version" FROM "schema_migrations" ORDER BY "schema_migrations"."version" ASC[0m
Processing by MainController#new as HTML
Completed 500 Internal Server Error in 6ms (ActiveRecord: 0.0ms | Allocations: 2699)


  
LoadError (cannot load such file -- bcrypt):
  
app/models/user.rb:2:in `<class:User>'
app/models/user.rb:1:in `<main>'
app/controllers/main_controller.rb:3:in `new'
  [1m[36mUser Load (0.1ms)[0m  [1m[34mSELECT "users".* FROM "users"[0m
  [1m[35m (0.4ms)[0m  [1m[34mSELECT sqlite_version(*)[0m
  [1m[36mActiveRecord::SchemaMigration Pluck (0.1ms)[0m  [1m[34mSELECT "schema_migrations"."version" FROM "schema_migrations" ORDER BY "schema_migrations"."version" ASC[0m
  [1m[36mActiveRecord::SchemaMigration Pluck (0.0ms)[0m  [1m[34mSELECT "schema_migrations"."version" FROM "schema_migrations" ORDER BY "schema_migrations"."version" ASC[0m
  [1m[36mActiveRecord::SchemaMigration Pluck (0.0ms)[0m  [1m[34mSELECT "schema_migrations"."version" FROM "schema_migrations" ORDER BY "schema_migrations"."version" ASC[0m
  [1m[36mActiveRecord::SchemaMigration Pluck (0.0ms)[0m  [1m[34mSELECT "schema_migrations"."version" FROM "schema_migrations" ORDER BY "schema_migrations"."version" ASC[0m
Migrating to CreateUsers (20220311153708)
  [1m[36mTRANSACTION (0.1ms)[0m  [1m[36mbegin transaction[0m
  [1m[35m (0.2ms)[0m  [1m[35mDROP TABLE "users"[0m
  [1m[36mActiveRecord::SchemaMigration Delete All (0.1ms)[0m  [1m[31mDELETE FROM "schema_migrations" WHERE "schema_migrations"."version" = ?[0m  [["version", "20220311153708"]]
  [1m[36mTRANSACTION (61.9ms)[0m  [1m[36mcommit transaction[0m
  [1m[35m (0.2ms)[0m  [1m[34mSELECT sqlite_version(*)[0m
  [1m[36mActiveRecord::SchemaMigration Pluck (0.3ms)[0m  [1m[34mSELECT "schema_migrations"."version" FROM "schema_migrations" ORDER BY "schema_migrations"."version" ASC[0m
  [1m[35m (0.4ms)[0m  [1m[34mSELECT sqlite_version(*)[0m
  [1m[36mActiveRecord::SchemaMigration Pluck (0.1ms)[0m  [1m[34mSELECT "schema_migrations"."version" FROM "schema_migrations" ORDER BY "schema_migrations"."version" ASC[0m
Migrating to CreateUsers (20220311153708)
  [1m[36mTRANSACTION (0.0ms)[0m  [1m[36mbegin transaction[0m
  [1m[35m (0.2ms)[0m  [1m[35mCREATE TABLE "users" ("id" integer PRIMARY KEY AUTOINCREMENT NOT NULL, "email" varchar, "type" varchar, "password_digest" varchar, "created_at" datetime(6) NOT NULL, "updated_at" datetime(6) NOT NULL)[0m
  [1m[36mActiveRecord::SchemaMigration Create (0.2ms)[0m  [1m[32mINSERT INTO "schema_migrations" ("version") VALUES (?)[0m  [["version", "20220311153708"]]
  [1m[36mTRANSACTION (98.2ms)[0m  [1m[36mcommit transaction[0m
  [1m[36mActiveRecord::InternalMetadata Load (0.4ms)[0m  [1m[34mSELECT "ar_internal_metadata".* FROM "ar_internal_metadata" WHERE "ar_internal_metadata"."key" = ? LIMIT ?[0m  [["key", "environment"], ["LIMIT", 1]]
  [1m[35m (0.0ms)[0m  [1m[34mSELECT sqlite_version(*)[0m
  [1m[36mActiveRecord::SchemaMigration Pluck (0.1ms)[0m  [1m[34mSELECT "schema_migrations"."version" FROM "schema_migrations" ORDER BY "schema_migrations"."version" ASC[0m
  [1m[35m (0.3ms)[0m  [1m[34mSELECT sqlite_version(*)[0m
  [1m[36mActiveRecord::SchemaMigration Pluck (0.1ms)[0m  [1m[34mSELECT "schema_migrations"."version" FROM "schema_migrations" ORDER BY "schema_migrations"."version" ASC[0m
  [1m[36mActiveRecord::SchemaMigration Pluck (0.0ms)[0m  [1m[34mSELECT "schema_migrations"."version" FROM "schema_migrations" ORDER BY "schema_migrations"."version" ASC[0m
  [1m[36mActiveRecord::SchemaMigration Pluck (0.0ms)[0m  [1m[34mSELECT "schema_migrations"."version" FROM "schema_migrations" ORDER BY "schema_migrations"."version" ASC[0m
  [1m[36mActiveRecord::SchemaMigration Pluck (0.0ms)[0m  [1m[34mSELECT "schema_migrations"."version" FROM "schema_migrations" ORDER BY "schema_migrations"."version" ASC[0m
Migrating to CreateUsers (20220311153708)
  [1m[36mTRANSACTION (0.1ms)[0m  [1m[36mbegin transaction[0m
  [1m[35m (0.2ms)[0m  [1m[35mDROP TABLE "users"[0m
  [1m[36mActiveRecord::SchemaMigration Delete All (0.1ms)[0m  [1m[31mDELETE FROM "schema_migrations" WHERE "schema_migrations"."version" = ?[0m  [["version", "20220311153708"]]
  [1m[36mTRANSACTION (102.7ms)[0m  [1m[36mcommit transaction[0m
  [1m[35m (0.2ms)[0m  [1m[34mSELECT sqlite_version(*)[0m
  [1m[36mActiveRecord::SchemaMigration Pluck (0.3ms)[0m  [1m[34mSELECT "schema_migrations"."version" FROM "schema_migrations" ORDER BY "schema_migrations"."version" ASC[0m
  [1m[35m (0.4ms)[0m  [1m[34mSELECT sqlite_version(*)[0m
  [1m[36mActiveRecord::SchemaMigration Pluck (0.1ms)[0m  [1m[34mSELECT "schema_migrations"."version" FROM "schema_migrations" ORDER BY "schema_migrations"."version" ASC[0m
Migrating to CreateUsers (20220311160906)
  [1m[36mTRANSACTION (0.0ms)[0m  [1m[36mbegin transaction[0m
  [1m[35m (0.2ms)[0m  [1m[35mCREATE TABLE "users" ("id" integer PRIMARY KEY AUTOINCREMENT NOT NULL, "email" varchar, "user_type" varchar, "password_digest" varchar, "created_at" datetime(6) NOT NULL, "updated_at" datetime(6) NOT NULL)[0m
  [1m[36mActiveRecord::SchemaMigration Create (0.1ms)[0m  [1m[32mINSERT INTO "schema_migrations" ("version") VALUES (?)[0m  [["version", "20220311160906"]]
  [1m[36mTRANSACTION (97.9ms)[0m  [1m[36mcommit transaction[0m
  [1m[36mActiveRecord::InternalMetadata Load (0.4ms)[0m  [1m[34mSELECT "ar_internal_metadata".* FROM "ar_internal_metadata" WHERE "ar_internal_metadata"."key" = ? LIMIT ?[0m  [["key", "environment"], ["LIMIT", 1]]
  [1m[35m (0.2ms)[0m  [1m[34mSELECT sqlite_version(*)[0m
  [1m[36mActiveRecord::SchemaMigration Pluck (0.3ms)[0m  [1m[34mSELECT "schema_migrations"."version" FROM "schema_migrations" ORDER BY "schema_migrations"."version" ASC[0m
  [1m[35m (0.4ms)[0m  [1m[34mSELECT sqlite_version(*)[0m
  [1m[36mUser Load (0.1ms)[0m  [1m[34mSELECT "users".* FROM "users"[0m
  [1m[35m (0.5ms)[0m  [1m[34mSELECT sqlite_version(*)[0m
  [1m[36mUser Load (0.1ms)[0m  [1m[34mSELECT "users".* FROM "users"[0m
  [1m[36mTRANSACTION (0.0ms)[0m  [1m[36mbegin transaction[0m
  [1m[36mUser Create (0.2ms)[0m  [1m[32mINSERT INTO "users" ("email", "user_type", "password_digest", "created_at", "updated_at") VALUES (?, ?, ?, ?, ?)[0m  [["email", "vusumzi@gmail.com"], ["user_type", "student"], ["password_digest", "[FILTERED]"], ["created_at", "2022-03-11 16:14:11.479899"], ["updated_at", "2022-03-11 16:14:11.479899"]]
  [1m[36mTRANSACTION (198.7ms)[0m  [1m[36mcommit transaction[0m
  [1m[36mUser Load (0.3ms)[0m  [1m[34mSELECT "users".* FROM "users"[0m
  [1m[36mUser Load (0.1ms)[0m  [1m[34mSELECT "users".* FROM "users"[0m
Started GET "/" for 127.0.0.1 at 2022-03-11 16:15:30 +0000
  [1m[35m (0.5ms)[0m  [1m[34mSELECT sqlite_version(*)[0m
  [1m[36mActiveRecord::SchemaMigration Pluck (0.1ms)[0m  [1m[34mSELECT "schema_migrations"."version" FROM "schema_migrations" ORDER BY "schema_migrations"."version" ASC[0m
Processing by MainController#new as HTML
  Rendering layout layouts/application.html.erb
  Rendering main/new.html.erb within layouts/application
  Rendered main/new.html.erb within layouts/application (Duration: 0.7ms | Allocations: 441)
  Rendered layout layouts/application.html.erb (Duration: 37.1ms | Allocations: 35258)
Completed 200 OK in 52ms (Views: 39.4ms | ActiveRecord: 0.7ms | Allocations: 47096)


Started GET "/" for 127.0.0.1 at 2022-03-11 16:16:18 +0000
Processing by MainController#new as HTML
  [1m[35m (0.1ms)[0m  [1m[34mSELECT sqlite_version(*)[0m
  ↳ app/controllers/main_controller.rb:3:in `new'
  Rendering layout layouts/application.html.erb
  Rendering main/new.html.erb within layouts/application
  Rendered main/new.html.erb within layouts/application (Duration: 0.6ms | Allocations: 146)
  Rendered layout layouts/application.html.erb (Duration: 19.5ms | Allocations: 14019)
Completed 200 OK in 27ms (Views: 20.8ms | ActiveRecord: 0.7ms | Allocations: 18333)


Started GET "/" for 127.0.0.1 at 2022-03-11 16:16:38 +0000
Processing by MainController#new as HTML
  Rendering layout layouts/application.html.erb
  Rendering main/new.html.erb within layouts/application
  Rendered main/new.html.erb within layouts/application (Duration: 0.8ms | Allocations: 176)
  Rendered layout layouts/application.html.erb (Duration: 5.9ms | Allocations: 2889)
Completed 200 OK in 9ms (Views: 8.1ms | ActiveRecord: 0.0ms | Allocations: 4080)


Started GET "/" for 127.0.0.1 at 2022-03-11 16:23:02 +0000
Processing by MainController#new as HTML
  Rendering layout layouts/application.html.erb
  Rendering main/new.html.erb within layouts/application
  Rendered main/new.html.erb within layouts/application (Duration: 9.3ms | Allocations: 9029)
  Rendered layout layouts/application.html.erb (Duration: 9.5ms | Allocations: 9130)
Completed 500 Internal Server Error in 11ms (Allocations: 10289)


  
ActionView::Template::Error (undefined method `users_path' for #<ActionView::Base:0x0000000000e6c8>):
    1: <h1>Welcome page</h1>
    2: 
    3: 
    4: <%= form_with model: @user do |form|%>
    5: <%= form.text_field :email%>
    6: <%end %>
  
app/views/main/new.html.erb:4
Started GET "/" for 127.0.0.1 at 2022-03-11 16:35:38 +0000
  
ArgumentError (Invalid route name, already in use: 'root' 
You may have defined two routes with the same name using the `:as` option, or you may be overriding a route already defined by a resource with the same naming. For the latter, you can restrict the routes created with `resources` as explained here: 
https://guides.rubyonrails.org/routing.html#restricting-the-routes-created):
  
config/routes.rb:5:in `block in <main>'
config/routes.rb:1:in `<main>'
Started GET "/" for 127.0.0.1 at 2022-03-11 16:36:04 +0000
  
ArgumentError (Invalid route name, already in use: 'root' 
You may have defined two routes with the same name using the `:as` option, or you may be overriding a route already defined by a resource with the same naming. For the latter, you can restrict the routes created with `resources` as explained here: 
https://guides.rubyonrails.org/routing.html#restricting-the-routes-created):
  
config/routes.rb:5:in `block in <main>'
config/routes.rb:1:in `<main>'
Started GET "/" for 127.0.0.1 at 2022-03-11 16:37:18 +0000
Processing by MainController#new as HTML
  [1m[35m (0.1ms)[0m  [1m[34mSELECT sqlite_version(*)[0m
  ↳ app/controllers/main_controller.rb:3:in `new'
  Rendering layout layouts/application.html.erb
  Rendering main/new.html.erb within layouts/application
  Rendered main/new.html.erb within layouts/application (Duration: 4.6ms | Allocations: 3135)
  Rendered layout layouts/application.html.erb (Duration: 4.8ms | Allocations: 3223)
Completed 500 Internal Server Error in 10ms (ActiveRecord: 0.2ms | Allocations: 6784)


  
ActionView::Template::Error (undefined method `users_path' for #<ActionView::Base:0x00000000012818>):
    1: <h1>Welcome page</h1>
    2: 
    3: 
    4: <%= form_with model: @user do |form|%>
    5: <%= form.text_field :email%>
    6: <%end %>
  
app/views/main/new.html.erb:4
Started GET "/" for 127.0.0.1 at 2022-03-11 16:37:37 +0000
Processing by MainController#new as HTML
  [1m[35m (0.0ms)[0m  [1m[34mSELECT sqlite_version(*)[0m
  ↳ app/controllers/main_controller.rb:3:in `new'
  Rendering layout layouts/application.html.erb
  Rendering main/new.html.erb within layouts/application
  Rendered main/new.html.erb within layouts/application (Duration: 5.0ms | Allocations: 3135)
  Rendered layout layouts/application.html.erb (Duration: 5.8ms | Allocations: 3223)
Completed 500 Internal Server Error in 12ms (ActiveRecord: 0.6ms | Allocations: 7204)


  
ActionView::Template::Error (undefined method `users_path' for #<ActionView::Base:0x000000000162b0>):
    1: <h1>Welcome page</h1>
    2: 
    3: 
    4: <%= form_with model: @user do |form|%>
    5: <%= form.text_field :email%>
    6: <%end %>
  
app/views/main/new.html.erb:4
Started GET "/" for 127.0.0.1 at 2022-03-11 16:37:41 +0000
Processing by MainController#new as HTML
  Rendering layout layouts/application.html.erb
  Rendering main/new.html.erb within layouts/application
  Rendered main/new.html.erb within layouts/application (Duration: 7.0ms | Allocations: 3128)
  Rendered layout layouts/application.html.erb (Duration: 7.2ms | Allocations: 3210)
Completed 500 Internal Server Error in 8ms (ActiveRecord: 0.0ms | Allocations: 3539)


  
ActionView::Template::Error (undefined method `users_path' for #<ActionView::Base:0x00000000016698>):
    1: <h1>Welcome page</h1>
    2: 
    3: 
    4: <%= form_with model: @user do |form|%>
    5: <%= form.text_field :email%>
    6: <%end %>
  
app/views/main/new.html.erb:4
Started GET "/" for 127.0.0.1 at 2022-03-11 16:38:07 +0000
Processing by MainController#new as HTML
  [1m[35m (0.1ms)[0m  [1m[34mSELECT sqlite_version(*)[0m
  ↳ app/controllers/main_controller.rb:3:in `new'
  Rendering layout layouts/application.html.erb
  Rendering main/new.html.erb within layouts/application
  Rendered main/new.html.erb within layouts/application (Duration: 4.3ms | Allocations: 3135)
  Rendered layout layouts/application.html.erb (Duration: 4.5ms | Allocations: 3223)
Completed 500 Internal Server Error in 12ms (ActiveRecord: 1.8ms | Allocations: 7203)


  
ActionView::Template::Error (undefined method `users_path' for #<ActionView::Base:0x0000000001a108>):
    1: <h1>Welcome page</h1>
    2: 
    3: 
    4: <%= form_with model: @user do |form|%>
    5: <%= form.text_field :email%>
    6: <%end %>
  
app/views/main/new.html.erb:4
Started GET "/" for 127.0.0.1 at 2022-03-11 16:38:34 +0000
  
ArgumentError (wrong number of arguments (given 0, expected 1..2)):
  
config/routes.rb:5:in `block in <main>'
config/routes.rb:1:in `<main>'
Started GET "/" for 127.0.0.1 at 2022-03-11 16:39:42 +0000
  
ArgumentError (Invalid route name, already in use: 'root' 
You may have defined two routes with the same name using the `:as` option, or you may be overriding a route already defined by a resource with the same naming. For the latter, you can restrict the routes created with `resources` as explained here: 
https://guides.rubyonrails.org/routing.html#restricting-the-routes-created):
  
config/routes.rb:5:in `block in <main>'
config/routes.rb:1:in `<main>'
Started GET "/" for 127.0.0.1 at 2022-03-11 16:40:21 +0000
Processing by MainController#new as HTML
  [1m[35m (0.1ms)[0m  [1m[34mSELECT sqlite_version(*)[0m
  ↳ app/controllers/main_controller.rb:3:in `new'
  Rendering layout layouts/application.html.erb
  Rendering main/new.html.erb within layouts/application
  Rendered main/new.html.erb within layouts/application (Duration: 1.4ms | Allocations: 1051)
  Rendered layout layouts/application.html.erb (Duration: 10.6ms | Allocations: 14800)
Completed 200 OK in 17ms (Views: 11.7ms | ActiveRecord: 0.6ms | Allocations: 18807)


Started GET "/" for 127.0.0.1 at 2022-03-11 16:40:44 +0000
Processing by MainController#new as HTML
  [1m[35m (0.0ms)[0m  [1m[34mSELECT sqlite_version(*)[0m
  ↳ app/controllers/main_controller.rb:3:in `new'
  Rendering layout layouts/application.html.erb
  Rendering main/new.html.erb within layouts/application
  Rendered main/new.html.erb within layouts/application (Duration: 4.2ms | Allocations: 3143)
  Rendered layout layouts/application.html.erb (Duration: 4.4ms | Allocations: 3231)
Completed 500 Internal Server Error in 9ms (ActiveRecord: 0.5ms | Allocations: 7151)


  
ActionView::Template::Error (undefined method `users_path' for #<ActionView::Base:0x00000000021ac0>):
    1: <h1>Welcome page</h1>
    2: 
    3: 
    4: <%= form_with model: @user do |form|%>
    5: <%= form.text_field :email%>
    6: <%end %>
  
app/views/main/new.html.erb:4
Started GET "/" for 127.0.0.1 at 2022-03-11 16:40:54 +0000
Processing by MainController#new as HTML
  [1m[35m (0.1ms)[0m  [1m[34mSELECT sqlite_version(*)[0m
  ↳ app/controllers/main_controller.rb:3:in `new'
  Rendering layout layouts/application.html.erb
  Rendering main/new.html.erb within layouts/application
  Rendered main/new.html.erb within layouts/application (Duration: 5.3ms | Allocations: 3142)
  Rendered layout layouts/application.html.erb (Duration: 5.5ms | Allocations: 3230)
Completed 500 Internal Server Error in 11ms (ActiveRecord: 0.6ms | Allocations: 7202)


  
ActionView::Template::Error (undefined method `users_path' for #<ActionView::Base:0x00000000025878>):
    1: <h1>Welcome page</h1>
    2: 
    3: 
    4: <%= form_with model: @user do |form|%>
    5: <%= form.text_field :email%>
    6: <%end %>
  
app/views/main/new.html.erb:4
Started GET "/" for 127.0.0.1 at 2022-03-11 16:40:55 +0000
Processing by MainController#new as HTML
  Rendering layout layouts/application.html.erb
  Rendering main/new.html.erb within layouts/application
  Rendered main/new.html.erb within layouts/application (Duration: 12.9ms | Allocations: 3135)
  Rendered layout layouts/application.html.erb (Duration: 13.5ms | Allocations: 3217)
Completed 500 Internal Server Error in 17ms (ActiveRecord: 0.0ms | Allocations: 3546)


  
ActionView::Template::Error (undefined method `users_path' for #<ActionView::Base:0x00000000025b70>):
    1: <h1>Welcome page</h1>
    2: 
    3: 
    4: <%= form_with model: @user do |form|%>
    5: <%= form.text_field :email%>
    6: <%end %>
  
app/views/main/new.html.erb:4
Started GET "/" for 127.0.0.1 at 2022-03-11 16:41:08 +0000
  
ArgumentError (Invalid route name, already in use: 'root' 
You may have defined two routes with the same name using the `:as` option, or you may be overriding a route already defined by a resource with the same naming. For the latter, you can restrict the routes created with `resources` as explained here: 
https://guides.rubyonrails.org/routing.html#restricting-the-routes-created):
  
config/routes.rb:5:in `block in <main>'
config/routes.rb:1:in `<main>'
Started GET "/" for 127.0.0.1 at 2022-03-11 16:41:18 +0000
Processing by MainController#new as HTML
  [1m[35m (0.0ms)[0m  [1m[34mSELECT sqlite_version(*)[0m
  ↳ app/controllers/main_controller.rb:3:in `new'
  Rendering layout layouts/application.html.erb
  Rendering main/new.html.erb within layouts/application
  Rendered main/new.html.erb within layouts/application (Duration: 0.9ms | Allocations: 568)
  Rendered layout layouts/application.html.erb (Duration: 8.7ms | Allocations: 14057)
Completed 200 OK in 14ms (Views: 9.6ms | ActiveRecord: 0.8ms | Allocations: 18067)


Started GET "/" for 127.0.0.1 at 2022-03-11 16:42:58 +0000
Processing by MainController#new as HTML
  [1m[35m (0.1ms)[0m  [1m[34mSELECT sqlite_version(*)[0m
  ↳ app/controllers/main_controller.rb:3:in `new'
  Rendering layout layouts/application.html.erb
  Rendering main/new.html.erb within layouts/application
  Rendered main/new.html.erb within layouts/application (Duration: 4.0ms | Allocations: 3143)
  Rendered layout layouts/application.html.erb (Duration: 4.1ms | Allocations: 3231)
Completed 500 Internal Server Error in 10ms (ActiveRecord: 0.7ms | Allocations: 7143)


  
ActionView::Template::Error (undefined method `users_path' for #<ActionView::Base:0x0000000002d258>):
    1: <h1>Welcome page</h1>
    2: 
    3: 
    4: <%= form_with model: @user do |form|%>
    5: <%= form.text_field :email%>
    6: <%end %>
  
app/views/main/new.html.erb:4
Started GET "/" for 127.0.0.1 at 2022-03-11 16:43:11 +0000
Processing by MainController#new as HTML
  [1m[35m (0.1ms)[0m  [1m[34mSELECT sqlite_version(*)[0m
  ↳ app/controllers/main_controller.rb:3:in `new'
  Rendering layout layouts/application.html.erb
  Rendering main/new.html.erb within layouts/application
  Rendered main/new.html.erb within layouts/application (Duration: 0.8ms | Allocations: 580)
  Rendered layout layouts/application.html.erb (Duration: 10.2ms | Allocations: 14069)
Completed 200 OK in 17ms (Views: 11.5ms | ActiveRecord: 0.6ms | Allocations: 18079)


Started GET "/" for 127.0.0.1 at 2022-03-11 16:43:50 +0000
Processing by MainController#new as HTML
  [1m[35m (0.0ms)[0m  [1m[34mSELECT sqlite_version(*)[0m
  ↳ app/controllers/main_controller.rb:3:in `new'
  Rendering layout layouts/application.html.erb
  Rendering main/new.html.erb within layouts/application
  Rendered main/new.html.erb within layouts/application (Duration: 0.9ms | Allocations: 574)
  Rendered layout layouts/application.html.erb (Duration: 9.4ms | Allocations: 14064)
Completed 200 OK in 15ms (Views: 10.2ms | ActiveRecord: 0.5ms | Allocations: 18037)


Started GET "/" for 127.0.0.1 at 2022-03-11 16:43:51 +0000
Processing by MainController#new as HTML
  Rendering layout layouts/application.html.erb
  Rendering main/new.html.erb within layouts/application
  Rendered main/new.html.erb within layouts/application (Duration: 0.9ms | Allocations: 386)
  Rendered layout layouts/application.html.erb (Duration: 4.2ms | Allocations: 2435)
Completed 200 OK in 6ms (Views: 4.9ms | ActiveRecord: 0.0ms | Allocations: 2799)


Started GET "/" for 127.0.0.1 at 2022-03-11 16:43:59 +0000
Processing by MainController#new as HTML
  [1m[35m (0.1ms)[0m  [1m[34mSELECT sqlite_version(*)[0m
  ↳ app/controllers/main_controller.rb:3:in `new'
  Rendering layout layouts/application.html.erb
  Rendering main/new.html.erb within layouts/application
  Rendered main/new.html.erb within layouts/application (Duration: 4.5ms | Allocations: 3133)
  Rendered layout layouts/application.html.erb (Duration: 4.6ms | Allocations: 3221)
Completed 500 Internal Server Error in 11ms (ActiveRecord: 0.7ms | Allocations: 7133)


  
ActionView::Template::Error (undefined method `users_path' for #<ActionView::Base:0x00000000038310>):
    1: <h1>Welcome page</h1>
    2: 
    3: 
    4: <%= form_with model: @user do |form|%>
    5: <%= form.text_field :email%>
    6: <%end %>
  
app/views/main/new.html.erb:4
Started GET "/" for 127.0.0.1 at 2022-03-11 16:44:11 +0000
Processing by MainController#new as HTML
  [1m[35m (0.1ms)[0m  [1m[34mSELECT sqlite_version(*)[0m
  ↳ app/controllers/main_controller.rb:3:in `new'
  Rendering layout layouts/application.html.erb
  Rendering main/new.html.erb within layouts/application
  Rendered main/new.html.erb within layouts/application (Duration: 4.3ms | Allocations: 3132)
  Rendered layout layouts/application.html.erb (Duration: 4.4ms | Allocations: 3220)
Completed 500 Internal Server Error in 10ms (ActiveRecord: 0.9ms | Allocations: 7192)


  
ActionView::Template::Error (undefined method `users_path' for #<ActionView::Base:0x0000000003c050>):
    1: <h1>Welcome page</h1>
    2: 
    3: 
    4: <%= form_with model: @user do |form|%>
    5: <%= form.text_field :email%>
    6: <%end %>
  
app/views/main/new.html.erb:4
Started GET "/" for 127.0.0.1 at 2022-03-11 16:44:20 +0000
Processing by MainController#new as HTML
  [1m[35m (0.1ms)[0m  [1m[34mSELECT sqlite_version(*)[0m
  ↳ app/controllers/main_controller.rb:3:in `new'
  Rendering layout layouts/application.html.erb
  Rendering main/new.html.erb within layouts/application
  Rendered main/new.html.erb within layouts/application (Duration: 0.7ms | Allocations: 580)
  Rendered layout layouts/application.html.erb (Duration: 11.7ms | Allocations: 14069)
Completed 200 OK in 17ms (Views: 12.6ms | ActiveRecord: 0.5ms | Allocations: 18081)


Started GET "/" for 127.0.0.1 at 2022-03-11 16:46:11 +0000
Processing by MainController#new as HTML
  Rendering layout layouts/application.html.erb
  Rendering main/new.html.erb within layouts/application
  Rendered main/new.html.erb within layouts/application (Duration: 8.5ms | Allocations: 4354)
  Rendered layout layouts/application.html.erb (Duration: 8.8ms | Allocations: 4442)
Completed 500 Internal Server Error in 11ms (ActiveRecord: 0.0ms | Allocations: 5608)


  
ActionView::Template::Error (undefined local variable or method `user_path' for #<ActionView::Base:0x0000000003fe80>
Did you mean?  users_path):
    1: <h1>Welcome page</h1>
    2: 
    3: 
    4: <%= form_with model: @user , url:user_path do |form|%>
    5: <%= form.text_field :email%>
    6: <%end %>
  
app/views/main/new.html.erb:4
Started GET "/" for 127.0.0.1 at 2022-03-11 16:46:19 +0000
Processing by MainController#new as HTML
  Rendering layout layouts/application.html.erb
  Rendering main/new.html.erb within layouts/application
  Rendered main/new.html.erb within layouts/application (Duration: 1.2ms | Allocations: 699)
  Rendered layout layouts/application.html.erb (Duration: 4.3ms | Allocations: 3161)
Completed 200 OK in 7ms (Views: 5.8ms | ActiveRecord: 0.0ms | Allocations: 4333)


Started GET "/" for 127.0.0.1 at 2022-03-11 16:47:22 +0000
Processing by MainController#new as HTML
  Rendering layout layouts/application.html.erb
  Rendering main/new.html.erb within layouts/application
  Rendered main/new.html.erb within layouts/application (Duration: 6.1ms | Allocations: 6302)
  Rendered layout layouts/application.html.erb (Duration: 9.4ms | Allocations: 8794)
Completed 200 OK in 11ms (Views: 10.7ms | ActiveRecord: 0.0ms | Allocations: 9972)


Started GET "/" for 127.0.0.1 at 2022-03-11 16:52:22 +0000
Processing by MainController#new as HTML
  Rendering layout layouts/application.html.erb
  Rendering main/new.html.erb within layouts/application
  Rendered main/new.html.erb within layouts/application (Duration: 2.3ms | Allocations: 810)
  Rendered layout layouts/application.html.erb (Duration: 5.9ms | Allocations: 3263)
Completed 200 OK in 9ms (Views: 7.6ms | Allocations: 4461)


Started GET "/" for 127.0.0.1 at 2022-03-11 16:53:41 +0000
Processing by MainController#new as HTML
  Rendering layout layouts/application.html.erb
  Rendering main/new.html.erb within layouts/application
  Rendered main/new.html.erb within layouts/application (Duration: 2.8ms | Allocations: 833)
  Rendered layout layouts/application.html.erb (Duration: 8.4ms | Allocations: 3279)
Completed 200 OK in 12ms (Views: 11.0ms | Allocations: 4447)


Started GET "/" for 127.0.0.1 at 2022-03-11 16:54:51 +0000
Processing by MainController#new as HTML
  Rendering layout layouts/application.html.erb
  Rendering main/new.html.erb within layouts/application
  Rendered main/new.html.erb within layouts/application (Duration: 3.4ms | Allocations: 1234)
  Rendered layout layouts/application.html.erb (Duration: 4.1ms | Allocations: 1323)
Completed 500 Internal Server Error in 12ms (Allocations: 2458)


  
ActionView::SyntaxErrorInTemplate (Encountered a syntax error while rendering template: check <h1>Welcome page</h1>


<%= form_with model: @user , url:users_path do |form|%>
<div class="mb-3">
    <%= form.text_field :email , class:"form_control" %>
</div>
<div>
    <%= form.password_field :password , class:"form_control"%>
</div>

<div>
    <%= form.password_field :password_confirmation , , class:"form_control"%>
</div>

<%end %>
):
1:    <h1>Welcome page</h1>
2:    
3:    
4:    <%= form_with model: @user , url:users_path do |form|%>
5:    <div class="mb-3">
6:        <%= form.text_field :email , class:"form_control" %>
7:    </div>
8:    <div>
9:        <%= form.password_field :password , class:"form_control"%>
10:    </div>
11:    
12:    <div>
13:        <%= form.password_field :password_confirmation , , class:"form_control"%>
14:    </div>
15:    
16:    <%end %>
  
app/views/main/new.html.erb:13: syntax error, unexpected ','
app/views/main/new.html.erb:13: syntax error, unexpected ','
app/views/main/new.html.erb:13: syntax error, unexpected ','
app/views/main/new.html.erb:13: syntax error, unexpected ','
app/views/main/new.html.erb:13: syntax error, unexpected ','
app/views/main/new.html.erb:13: syntax error, unexpected ','
Started GET "/" for 127.0.0.1 at 2022-03-11 16:55:31 +0000
Processing by MainController#new as HTML
  Rendering layout layouts/application.html.erb
  Rendering main/new.html.erb within layouts/application
  Rendered main/new.html.erb within layouts/application (Duration: 1.5ms | Allocations: 1223)
  Rendered layout layouts/application.html.erb (Duration: 1.7ms | Allocations: 1312)
Completed 500 Internal Server Error in 5ms (Allocations: 2437)


  
ActionView::SyntaxErrorInTemplate (Encountered a syntax error while rendering template: check <h1>Welcome page</h1>


<%= form_with model: @user , url:users_path do |form|%>
<div class="mb-3">
    <%= form.text_field :email , class: "form_control" %>
</div>

<div>
    <%= form.password_field :password , class: "form_control"%>
</div>

<div>
    <%= form.password_field :password_confirmation , , class: "form_control"%>
</div>

<%end %>
):
1:    <h1>Welcome page</h1>
2:    
3:    
4:    <%= form_with model: @user , url:users_path do |form|%>
5:    <div class="mb-3">
6:        <%= form.text_field :email , class: "form_control" %>
7:    </div>
8:    
9:    <div>
10:        <%= form.password_field :password , class: "form_control"%>
11:    </div>
12:    
13:    <div>
14:        <%= form.password_field :password_confirmation , , class: "form_control"%>
15:    </div>
16:    
17:    <%end %>
  
app/views/main/new.html.erb:14: syntax error, unexpected ','
app/views/main/new.html.erb:14: syntax error, unexpected ','
app/views/main/new.html.erb:14: syntax error, unexpected ','
app/views/main/new.html.erb:14: syntax error, unexpected ','
app/views/main/new.html.erb:14: syntax error, unexpected ','
app/views/main/new.html.erb:14: syntax error, unexpected ','
Started GET "/" for 127.0.0.1 at 2022-03-11 16:55:44 +0000
Processing by MainController#new as HTML
  Rendering layout layouts/application.html.erb
  Rendering main/new.html.erb within layouts/application
  Rendered main/new.html.erb within layouts/application (Duration: 2.1ms | Allocations: 860)
  Rendered layout layouts/application.html.erb (Duration: 7.0ms | Allocations: 3322)
Completed 200 OK in 10ms (Views: 9.4ms | Allocations: 4484)


Started GET "/" for 127.0.0.1 at 2022-03-11 16:55:46 +0000
Processing by MainController#new as HTML
  Rendering layout layouts/application.html.erb
  Rendering main/new.html.erb within layouts/application
  Rendered main/new.html.erb within layouts/application (Duration: 1.9ms | Allocations: 457)
  Rendered layout layouts/application.html.erb (Duration: 5.3ms | Allocations: 2506)
Completed 200 OK in 7ms (Views: 6.0ms | Allocations: 2867)


Started GET "/" for 127.0.0.1 at 2022-03-11 16:56:04 +0000
Processing by MainController#new as HTML
  Rendering layout layouts/application.html.erb
  Rendering main/new.html.erb within layouts/application
  Rendered main/new.html.erb within layouts/application (Duration: 0.9ms | Allocations: 867)
  Rendered layout layouts/application.html.erb (Duration: 3.1ms | Allocations: 3313)
Completed 200 OK in 5ms (Views: 4.3ms | Allocations: 4457)


Started GET "/" for 127.0.0.1 at 2022-03-11 16:56:05 +0000
Processing by MainController#new as HTML
  Rendering layout layouts/application.html.erb
  Rendering main/new.html.erb within layouts/application
  Rendered main/new.html.erb within layouts/application (Duration: 0.7ms | Allocations: 469)
  Rendered layout layouts/application.html.erb (Duration: 2.6ms | Allocations: 2518)
Completed 200 OK in 3ms (Views: 3.0ms | Allocations: 2879)


Started GET "/" for 127.0.0.1 at 2022-03-11 16:56:11 +0000
Processing by MainController#new as HTML
  Rendering layout layouts/application.html.erb
  Rendering main/new.html.erb within layouts/application
  Rendered main/new.html.erb within layouts/application (Duration: 1.8ms | Allocations: 469)
  Rendered layout layouts/application.html.erb (Duration: 8.0ms | Allocations: 2518)
Completed 200 OK in 10ms (Views: 9.2ms | Allocations: 2855)


Started GET "/" for 127.0.0.1 at 2022-03-11 16:56:15 +0000
Processing by MainController#new as HTML
  Rendering layout layouts/application.html.erb
  Rendering main/new.html.erb within layouts/application
  Rendered main/new.html.erb within layouts/application (Duration: 1.8ms | Allocations: 881)
  Rendered layout layouts/application.html.erb (Duration: 5.2ms | Allocations: 3327)
Completed 200 OK in 7ms (Views: 6.7ms | Allocations: 4471)


Started GET "/" for 127.0.0.1 at 2022-03-11 16:58:32 +0000
Processing by MainController#new as HTML
  Rendering layout layouts/application.html.erb
  Rendering main/new.html.erb within layouts/application
  Rendered main/new.html.erb within layouts/application (Duration: 1.0ms | Allocations: 872)
  Rendered layout layouts/application.html.erb (Duration: 2.1ms | Allocations: 1220)
Completed 200 OK in 4ms (Views: 3.2ms | Allocations: 2389)


Started GET "/" for 127.0.0.1 at 2022-03-11 16:59:10 +0000
Processing by MainController#new as HTML
  Rendering layout layouts/application.html.erb
  Rendering main/new.html.erb within layouts/application
  Rendered main/new.html.erb within layouts/application (Duration: 4.1ms | Allocations: 861)
  Rendered layout layouts/application.html.erb (Duration: 6.2ms | Allocations: 1208)
Completed 200 OK in 13ms (Views: 10.9ms | Allocations: 2377)


Started GET "/" for 127.0.0.1 at 2022-03-11 16:59:35 +0000
Processing by MainController#new as HTML
  Rendering layout layouts/application.html.erb
  Rendering main/new.html.erb within layouts/application
  Rendered main/new.html.erb within layouts/application (Duration: 1.4ms | Allocations: 460)
  Rendered layout layouts/application.html.erb (Duration: 2.1ms | Allocations: 611)
Completed 200 OK in 4ms (Views: 3.0ms | Allocations: 972)


Started GET "/" for 127.0.0.1 at 2022-03-11 17:00:13 +0000
Processing by MainController#new as HTML
  Rendering layout layouts/application.html.erb
  Rendering main/new.html.erb within layouts/application
  Rendered main/new.html.erb within layouts/application (Duration: 3.8ms | Allocations: 851)
  Rendered layout layouts/application.html.erb (Duration: 6.2ms | Allocations: 1195)
Completed 200 OK in 14ms (Views: 12.1ms | Allocations: 2340)


Started GET "/" for 127.0.0.1 at 2022-03-11 17:01:57 +0000
Processing by MainController#new as HTML
  Rendering layout layouts/application.html.erb
  Rendering main/new.html.erb within layouts/application
  Rendered main/new.html.erb within layouts/application (Duration: 2.7ms | Allocations: 860)
  Rendered layout layouts/application.html.erb (Duration: 4.2ms | Allocations: 1203)
Completed 200 OK in 9ms (Views: 8.0ms | Allocations: 2372)


Started GET "/" for 127.0.0.1 at 2022-03-11 17:02:59 +0000
Processing by MainController#new as HTML
  Rendering layout layouts/application.html.erb
  Rendering main/new.html.erb within layouts/application
  Rendered main/new.html.erb within layouts/application (Duration: 1.8ms | Allocations: 874)
  Rendered layout layouts/application.html.erb (Duration: 2.8ms | Allocations: 1226)
Completed 200 OK in 7ms (Views: 5.5ms | Allocations: 2395)


Started GET "/" for 127.0.0.1 at 2022-03-11 17:03:17 +0000
Processing by MainController#new as HTML
  Rendering layout layouts/application.html.erb
  Rendering main/new.html.erb within layouts/application
  Rendered main/new.html.erb within layouts/application (Duration: 13.2ms | Allocations: 871)
  Rendered layout layouts/application.html.erb (Duration: 16.2ms | Allocations: 1224)
Completed 200 OK in 24ms (Views: 20.6ms | Allocations: 2394)


Started GET "/" for 127.0.0.1 at 2022-03-11 17:05:59 +0000
Processing by MainController#new as HTML
  Rendering layout layouts/application.html.erb
  Rendering main/new.html.erb within layouts/application
  Rendered main/new.html.erb within layouts/application (Duration: 1.9ms | Allocations: 1241)
  Rendered layout layouts/application.html.erb (Duration: 2.2ms | Allocations: 1330)
Completed 500 Internal Server Error in 7ms (Allocations: 2461)


  
ActionView::SyntaxErrorInTemplate (Encountered a syntax error while rendering template: check <div class="d-flex align-items-center justify-content-center">
    <h1>Welcome page</h1>
</div>

<%= form_with model: @user , url:users_path do |form|%>
<div class="mb-3">
<%= form.label: email%>
    <%= form.text_field :email , class: "form_control" %>
</div>

<div class="mb-3">
    <%= form.password_field :password , class: "form_control"%>
</div>

<div class="mb-3">
    <%= form.password_field :password_confirmation , class: "form_control"%>
</div>

<%end %>
):
1:    <div class="d-flex align-items-center justify-content-center">
2:        <h1>Welcome page</h1>
3:    </div>
4:    
5:    <%= form_with model: @user , url:users_path do |form|%>
6:    <div class="mb-3">
7:    <%= form.label: email%>
8:        <%= form.text_field :email , class: "form_control" %>
9:    </div>
10:    
11:    <div class="mb-3">
12:        <%= form.password_field :password , class: "form_control"%>
13:    </div>
14:    
15:    <div class="mb-3">
16:        <%= form.password_field :password_confirmation , class: "form_control"%>
17:    </div>
18:    
19:    <%end %>
  
app/views/main/new.html.erb:7: syntax error, unexpected ':'
app/views/main/new.html.erb:7: syntax error, unexpected ':'
app/views/main/new.html.erb:7: syntax error, unexpected ':'
app/views/main/new.html.erb:7: syntax error, unexpected ':'
app/views/main/new.html.erb:7: syntax error, unexpected ':'
app/views/main/new.html.erb:7: syntax error, unexpected ':'
Started GET "/" for 127.0.0.1 at 2022-03-11 17:06:56 +0000
Processing by MainController#new as HTML
  Rendering layout layouts/application.html.erb
  Rendering main/new.html.erb within layouts/application
  Rendered main/new.html.erb within layouts/application (Duration: 2.5ms | Allocations: 1243)
  Rendered layout layouts/application.html.erb (Duration: 2.9ms | Allocations: 1332)
Completed 500 Internal Server Error in 8ms (Allocations: 2457)


  
ActionView::SyntaxErrorInTemplate (Encountered a syntax error while rendering template: check <div class="d-flex align-items-center justify-content-center">
    <h1>Welcome page</h1>
</div>

<%= form_with model: @user , url:users_path do |form|%>
<div class="mb-3">
    <%= form.label :email%>
    <%= form.text_field :email , class :"form_control" %>
</div>

<div class="mb-3">
    <%= form.password_field :password , class :"form_control"%>
</div>

<div class="mb-3">
    <%= form.password_field :password_confirmation , class :"form_control"%>
</div>

<%end %>
):
1:    <div class="d-flex align-items-center justify-content-center">
2:        <h1>Welcome page</h1>
3:    </div>
4:    
5:    <%= form_with model: @user , url:users_path do |form|%>
6:    <div class="mb-3">
7:        <%= form.label :email%>
8:        <%= form.text_field :email , class :"form_control" %>
9:    </div>
10:    
11:    <div class="mb-3">
12:        <%= form.password_field :password , class :"form_control"%>
13:    </div>
14:    
15:    <div class="mb-3">
16:        <%= form.password_field :password_confirmation , class :"form_control"%>
17:    </div>
18:    
19:    <%end %>
  
app/views/main/new.html.erb:8: syntax error, unexpected ')', expecting '.' or &. or :: or '['
app/views/main/new.html.erb:12: syntax error, unexpected ')', expecting '.' or &. or :: or '['
app/views/main/new.html.erb:16: syntax error, unexpected ')', expecting '.' or &. or :: or '['
app/views/main/new.html.erb:19: syntax error, unexpected `end', expecting ')'
app/views/main/new.html.erb:21: syntax error, unexpected `end', expecting ')'
app/views/main/new.html.erb:8: syntax error, unexpected ')', expecting '.' or &. or :: or '['
app/views/main/new.html.erb:12: syntax error, unexpected ')', expecting '.' or &. or :: or '['
app/views/main/new.html.erb:16: syntax error, unexpected ')', expecting '.' or &. or :: or '['
app/views/main/new.html.erb:19: syntax error, unexpected `end', expecting ')'
app/views/main/new.html.erb:21: syntax error, unexpected `end', expecting ')'
app/views/main/new.html.erb:8: syntax error, unexpected ')', expecting '.' or &. or :: or '['
app/views/main/new.html.erb:12: syntax error, unexpected ')', expecting '.' or &. or :: or '['
app/views/main/new.html.erb:16: syntax error, unexpected ')', expecting '.' or &. or :: or '['
app/views/main/new.html.erb:19: syntax error, unexpected `end', expecting ')'
app/views/main/new.html.erb:21: syntax error, unexpected `end', expecting ')'
app/views/main/new.html.erb:8: syntax error, unexpected ')', expecting '.' or &. or :: or '['
app/views/main/new.html.erb:12: syntax error, unexpected ')', expecting '.' or &. or :: or '['
app/views/main/new.html.erb:16: syntax error, unexpected ')', expecting '.' or &. or :: or '['
app/views/main/new.html.erb:19: syntax error, unexpected `end', expecting ')'
app/views/main/new.html.erb:21: syntax error, unexpected `end', expecting ')'
app/views/main/new.html.erb:8: syntax error, unexpected ')', expecting '.' or &. or :: or '['
app/views/main/new.html.erb:12: syntax error, unexpected ')', expecting '.' or &. or :: or '['
app/views/main/new.html.erb:16: syntax error, unexpected ')', expecting '.' or &. or :: or '['
app/views/main/new.html.erb:19: syntax error, unexpected `end', expecting ')'
app/views/main/new.html.erb:21: syntax error, unexpected `end', expecting ')'
app/views/main/new.html.erb:8: syntax error, unexpected ')', expecting '.' or &. or :: or '['
app/views/main/new.html.erb:12: syntax error, unexpected ')', expecting '.' or &. or :: or '['
app/views/main/new.html.erb:16: syntax error, unexpected ')', expecting '.' or &. or :: or '['
app/views/main/new.html.erb:19: syntax error, unexpected `end', expecting ')'
app/views/main/new.html.erb:21: syntax error, unexpected `end', expecting ')'
Started GET "/" for 127.0.0.1 at 2022-03-11 17:07:29 +0000
Processing by MainController#new as HTML
  Rendering layout layouts/application.html.erb
  Rendering main/new.html.erb within layouts/application
  Rendered main/new.html.erb within layouts/application (Duration: 2.9ms | Allocations: 1241)
  Rendered layout layouts/application.html.erb (Duration: 3.3ms | Allocations: 1330)
Completed 500 Internal Server Error in 7ms (Allocations: 2455)


  
ActionView::SyntaxErrorInTemplate (Encountered a syntax error while rendering template: check <div class="d-flex align-items-center justify-content-center">
    <h1>Welcome page</h1>
</div>

<%= form_with model: @user , url:users_path do |form|%>
<div class="mb-3">
    <%= form.label :email%>
    <%= form.text_field :email , class:"form_control" %>
</div>

<div class="mb-3">
    <%= form.password_field :password , class :"form_control"%>
</div>

<div class="mb-3">
    <%= form.password_field :password_confirmation , class :"form_control"%>
</div>

<%end %>
):
1:    <div class="d-flex align-items-center justify-content-center">
2:        <h1>Welcome page</h1>
3:    </div>
4:    
5:    <%= form_with model: @user , url:users_path do |form|%>
6:    <div class="mb-3">
7:        <%= form.label :email%>
8:        <%= form.text_field :email , class:"form_control" %>
9:    </div>
10:    
11:    <div class="mb-3">
12:        <%= form.password_field :password , class :"form_control"%>
13:    </div>
14:    
15:    <div class="mb-3">
16:        <%= form.password_field :password_confirmation , class :"form_control"%>
17:    </div>
18:    
19:    <%end %>
  
app/views/main/new.html.erb:12: syntax error, unexpected ')', expecting '.' or &. or :: or '['
app/views/main/new.html.erb:16: syntax error, unexpected ')', expecting '.' or &. or :: or '['
app/views/main/new.html.erb:19: syntax error, unexpected `end', expecting ')'
app/views/main/new.html.erb:21: syntax error, unexpected `end', expecting ')'
app/views/main/new.html.erb:12: syntax error, unexpected ')', expecting '.' or &. or :: or '['
app/views/main/new.html.erb:16: syntax error, unexpected ')', expecting '.' or &. or :: or '['
app/views/main/new.html.erb:19: syntax error, unexpected `end', expecting ')'
app/views/main/new.html.erb:21: syntax error, unexpected `end', expecting ')'
app/views/main/new.html.erb:12: syntax error, unexpected ')', expecting '.' or &. or :: or '['
app/views/main/new.html.erb:16: syntax error, unexpected ')', expecting '.' or &. or :: or '['
app/views/main/new.html.erb:19: syntax error, unexpected `end', expecting ')'
app/views/main/new.html.erb:21: syntax error, unexpected `end', expecting ')'
app/views/main/new.html.erb:12: syntax error, unexpected ')', expecting '.' or &. or :: or '['
app/views/main/new.html.erb:16: syntax error, unexpected ')', expecting '.' or &. or :: or '['
app/views/main/new.html.erb:19: syntax error, unexpected `end', expecting ')'
app/views/main/new.html.erb:21: syntax error, unexpected `end', expecting ')'
app/views/main/new.html.erb:12: syntax error, unexpected ')', expecting '.' or &. or :: or '['
app/views/main/new.html.erb:16: syntax error, unexpected ')', expecting '.' or &. or :: or '['
app/views/main/new.html.erb:19: syntax error, unexpected `end', expecting ')'
app/views/main/new.html.erb:21: syntax error, unexpected `end', expecting ')'
app/views/main/new.html.erb:12: syntax error, unexpected ')', expecting '.' or &. or :: or '['
app/views/main/new.html.erb:16: syntax error, unexpected ')', expecting '.' or &. or :: or '['
app/views/main/new.html.erb:19: syntax error, unexpected `end', expecting ')'
app/views/main/new.html.erb:21: syntax error, unexpected `end', expecting ')'
Started GET "/" for 127.0.0.1 at 2022-03-11 17:07:43 +0000
Processing by MainController#new as HTML
  Rendering layout layouts/application.html.erb
  Rendering main/new.html.erb within layouts/application
  Rendered main/new.html.erb within layouts/application (Duration: 14.2ms | Allocations: 7964)
  Rendered layout layouts/application.html.erb (Duration: 15.2ms | Allocations: 8348)
Completed 200 OK in 18ms (Views: 17.0ms | Allocations: 9512)


Started GET "/" for 127.0.0.1 at 2022-03-11 17:08:08 +0000
Processing by MainController#new as HTML
  Rendering layout layouts/application.html.erb
  Rendering main/new.html.erb within layouts/application
  Rendered main/new.html.erb within layouts/application (Duration: 2.7ms | Allocations: 1245)
  Rendered layout layouts/application.html.erb (Duration: 3.5ms | Allocations: 1593)
Completed 200 OK in 6ms (Views: 5.6ms | Allocations: 2789)


Started GET "/" for 127.0.0.1 at 2022-03-11 17:08:33 +0000
Processing by MainController#new as HTML
  Rendering layout layouts/application.html.erb
  Rendering main/new.html.erb within layouts/application
  Rendered main/new.html.erb within layouts/application (Duration: 2.5ms | Allocations: 1409)
  Rendered layout layouts/application.html.erb (Duration: 3.5ms | Allocations: 1757)
Completed 200 OK in 7ms (Views: 5.8ms | Allocations: 2926)


Started GET "/" for 127.0.0.1 at 2022-03-11 17:08:53 +0000
Processing by MainController#new as HTML
  Rendering layout layouts/application.html.erb
  Rendering main/new.html.erb within layouts/application
  Rendered main/new.html.erb within layouts/application (Duration: 2.7ms | Allocations: 1271)
  Rendered layout layouts/application.html.erb (Duration: 3.2ms | Allocations: 1360)
Completed 500 Internal Server Error in 8ms (Allocations: 2491)


  
ActionView::SyntaxErrorInTemplate (Encountered a syntax error while rendering template: check <div class="d-flex align-items-center justify-content-center">
    <h1>Welcome page</h1>
</div>

<%= form_with model: @user , url:users_path do |form|%>
<div class="mb-3">
    <%= form.label :email%>
    <%= form.text_field :email , class :"form_control" %>
</div>

<div class="mb-3">
    <%= form.label :password%>
    <%= form.password_field :password , class:"form_control"%>
</div>

<div class="mb-3">
    <%= form.label :password_confirmation%>
    <%= form.password_field :password_confirmation , class:"form_control"%>
</div>

<%end %>
):
1:    <div class="d-flex align-items-center justify-content-center">
2:        <h1>Welcome page</h1>
3:    </div>
4:    
5:    <%= form_with model: @user , url:users_path do |form|%>
6:    <div class="mb-3">
7:        <%= form.label :email%>
8:        <%= form.text_field :email , class :"form_control" %>
9:    </div>
10:    
11:    <div class="mb-3">
12:        <%= form.label :password%>
13:        <%= form.password_field :password , class:"form_control"%>
14:    </div>
15:    
16:    <div class="mb-3">
17:        <%= form.label :password_confirmation%>
18:        <%= form.password_field :password_confirmation , class:"form_control"%>
19:    </div>
20:    
21:    <%end %>
  
app/views/main/new.html.erb:8: syntax error, unexpected ')', expecting '.' or &. or :: or '['
app/views/main/new.html.erb:21: syntax error, unexpected `end', expecting ')'
app/views/main/new.html.erb:23: syntax error, unexpected `end', expecting ')'
app/views/main/new.html.erb:8: syntax error, unexpected ')', expecting '.' or &. or :: or '['
app/views/main/new.html.erb:21: syntax error, unexpected `end', expecting ')'
app/views/main/new.html.erb:23: syntax error, unexpected `end', expecting ')'
app/views/main/new.html.erb:8: syntax error, unexpected ')', expecting '.' or &. or :: or '['
app/views/main/new.html.erb:21: syntax error, unexpected `end', expecting ')'
app/views/main/new.html.erb:23: syntax error, unexpected `end', expecting ')'
app/views/main/new.html.erb:8: syntax error, unexpected ')', expecting '.' or &. or :: or '['
app/views/main/new.html.erb:21: syntax error, unexpected `end', expecting ')'
app/views/main/new.html.erb:23: syntax error, unexpected `end', expecting ')'
app/views/main/new.html.erb:8: syntax error, unexpected ')', expecting '.' or &. or :: or '['
app/views/main/new.html.erb:21: syntax error, unexpected `end', expecting ')'
app/views/main/new.html.erb:23: syntax error, unexpected `end', expecting ')'
app/views/main/new.html.erb:8: syntax error, unexpected ')', expecting '.' or &. or :: or '['
app/views/main/new.html.erb:21: syntax error, unexpected `end', expecting ')'
app/views/main/new.html.erb:23: syntax error, unexpected `end', expecting ')'
Started GET "/" for 127.0.0.1 at 2022-03-11 17:08:58 +0000
Processing by MainController#new as HTML
  Rendering layout layouts/application.html.erb
  Rendering main/new.html.erb within layouts/application
  Rendered main/new.html.erb within layouts/application (Duration: 4.1ms | Allocations: 1371)
  Rendered layout layouts/application.html.erb (Duration: 5.4ms | Allocations: 1720)
Completed 200 OK in 10ms (Views: 8.6ms | Allocations: 2884)


Started GET "/" for 127.0.0.1 at 2022-03-11 17:09:53 +0000
Processing by MainController#new as HTML
  Rendering layout layouts/application.html.erb
  Rendering main/new.html.erb within layouts/application
  Rendered main/new.html.erb within layouts/application (Duration: 2.0ms | Allocations: 1374)
  Rendered layout layouts/application.html.erb (Duration: 2.6ms | Allocations: 1722)
Completed 200 OK in 4ms (Views: 3.9ms | Allocations: 2891)


Started GET "/" for 127.0.0.1 at 2022-03-11 17:10:54 +0000
Processing by MainController#new as HTML
  Rendering layout layouts/application.html.erb
  Rendering main/new.html.erb within layouts/application
  Rendered main/new.html.erb within layouts/application (Duration: 2.3ms | Allocations: 1608)
  Rendered layout layouts/application.html.erb (Duration: 3.1ms | Allocations: 1956)
Completed 200 OK in 5ms (Views: 4.5ms | Allocations: 3125)


Started POST "/users" for 127.0.0.1 at 2022-03-11 17:11:21 +0000
Processing by MainController#create as HTML
  Parameters: {"authenticity_token"=>"[FILTERED]", "user"=>{"email"=>"", "password"=>"[FILTERED]", "password_confirmation"=>"[FILTERED]"}, "commit"=>"Create User"}
No template found for MainController#create, rendering head :no_content
Completed 204 No Content in 1ms (Allocations: 700)


Started POST "/users" for 127.0.0.1 at 2022-03-11 17:11:25 +0000
Processing by MainController#create as HTML
  Parameters: {"authenticity_token"=>"[FILTERED]", "user"=>{"email"=>"", "password"=>"[FILTERED]", "password_confirmation"=>"[FILTERED]"}, "commit"=>"Create User"}
No template found for MainController#create, rendering head :no_content
Completed 204 No Content in 1ms (Allocations: 368)


Started GET "/" for 127.0.0.1 at 2022-03-11 17:12:19 +0000
Processing by MainController#new as HTML
  [1m[35m (0.1ms)[0m  [1m[34mSELECT sqlite_version(*)[0m
  ↳ app/controllers/main_controller.rb:3:in `new'
  Rendering layout layouts/application.html.erb
  Rendering main/new.html.erb within layouts/application
  Rendered main/new.html.erb within layouts/application (Duration: 3.2ms | Allocations: 1265)
  Rendered layout layouts/application.html.erb (Duration: 3.9ms | Allocations: 1435)
Completed 200 OK in 9ms (Views: 4.8ms | ActiveRecord: 0.3ms | Allocations: 5034)


Started POST "/users" for 127.0.0.1 at 2022-03-11 17:12:20 +0000
Processing by MainController#create as HTML
  Parameters: {"authenticity_token"=>"[FILTERED]", "user"=>{"email"=>"", "password"=>"[FILTERED]", "password_confirmation"=>"[FILTERED]"}, "commit"=>"Create User"}
  Rendering text template
  Rendered text template (Duration: 0.0ms | Allocations: 7)
Completed 200 OK in 2ms (Views: 1.1ms | ActiveRecord: 0.0ms | Allocations: 770)


Started POST "/users" for 127.0.0.1 at 2022-03-11 17:12:23 +0000
Processing by MainController#create as HTML
  Parameters: {"authenticity_token"=>"[FILTERED]", "user"=>{"email"=>"", "password"=>"[FILTERED]", "password_confirmation"=>"[FILTERED]"}, "commit"=>"Create User"}
  Rendering text template
  Rendered text template (Duration: 0.0ms | Allocations: 2)
Completed 200 OK in 2ms (Views: 0.6ms | ActiveRecord: 0.0ms | Allocations: 543)


Started POST "/users" for 127.0.0.1 at 2022-03-11 17:13:55 +0000
Processing by MainController#create as HTML
  Parameters: {"authenticity_token"=>"[FILTERED]", "user"=>{"email"=>"", "password"=>"[FILTERED]", "password_confirmation"=>"[FILTERED]"}, "commit"=>"Create User"}
  Rendering text template
  Rendered text template (Duration: 0.0ms | Allocations: 2)
Completed 200 OK in 1ms (Views: 0.4ms | ActiveRecord: 0.0ms | Allocations: 452)


Started POST "/users" for 127.0.0.1 at 2022-03-11 17:13:57 +0000
Processing by MainController#create as HTML
  Parameters: {"authenticity_token"=>"[FILTERED]", "user"=>{"email"=>"", "password"=>"[FILTERED]", "password_confirmation"=>"[FILTERED]"}, "commit"=>"Create User"}
  Rendering text template
  Rendered text template (Duration: 0.0ms | Allocations: 2)
Completed 200 OK in 1ms (Views: 0.3ms | ActiveRecord: 0.0ms | Allocations: 458)


Started GET "/" for 127.0.0.1 at 2022-03-11 17:14:35 +0000
Processing by MainController#new as HTML
  Rendering layout layouts/application.html.erb
  Rendering main/new.html.erb within layouts/application
  Rendered main/new.html.erb within layouts/application (Duration: 3.6ms | Allocations: 1939)
  Rendered layout layouts/application.html.erb (Duration: 4.7ms | Allocations: 2288)
Completed 200 OK in 7ms (Views: 6.0ms | ActiveRecord: 0.0ms | Allocations: 3480)


Started GET "/" for 127.0.0.1 at 2022-03-11 17:14:54 +0000
Processing by MainController#new as HTML
  Rendering layout layouts/application.html.erb
  Rendering main/new.html.erb within layouts/application
  Rendered main/new.html.erb within layouts/application (Duration: 4.2ms | Allocations: 1811)
  Rendered layout layouts/application.html.erb (Duration: 5.9ms | Allocations: 2159)
Completed 200 OK in 10ms (Views: 8.8ms | ActiveRecord: 0.0ms | Allocations: 3338)


Started POST "/users" for 127.0.0.1 at 2022-03-11 17:15:53 +0000
Processing by MainController#create as HTML
  Parameters: {"authenticity_token"=>"[FILTERED]", "user"=>{"email"=>"William@gmail.comS", "type"=>"student", "password"=>"[FILTERED]", "password_confirmation"=>"[FILTERED]"}, "commit"=>"Create User"}
  Rendering text template
  Rendered text template (Duration: 0.0ms | Allocations: 2)
Completed 200 OK in 1ms (Views: 0.3ms | ActiveRecord: 0.0ms | Allocations: 477)


Started POST "/users" for 127.0.0.1 at 2022-03-11 17:17:41 +0000
Processing by MainController#create as HTML
  Parameters: {"authenticity_token"=>"[FILTERED]", "user"=>{"email"=>"William@gmail.comS", "type"=>"student", "password"=>"[FILTERED]", "password_confirmation"=>"[FILTERED]"}, "commit"=>"Create User"}
  Rendering text template
  Rendered text template (Duration: 0.0ms | Allocations: 5)
Completed 200 OK in 2ms (Views: 0.9ms | Allocations: 1134)


Started POST "/users" for 127.0.0.1 at 2022-03-11 17:23:00 +0000
  
SyntaxError (/home/vmuser/Desktop/Vee/myApplication/app/controllers/main_controller.rb:11: syntax error, unexpected ':', expecting `end'
            render: new
                  ^
/home/vmuser/Desktop/Vee/myApplication/app/controllers/main_controller.rb:19: syntax error, unexpected end-of-input, expecting `end'):
  
app/controllers/main_controller.rb:11: syntax error, unexpected ':', expecting `end'
app/controllers/main_controller.rb:19: syntax error, unexpected end-of-input, expecting `end'
app/controllers/main_controller.rb:11: syntax error, unexpected ':', expecting `end'
app/controllers/main_controller.rb:19: syntax error, unexpected end-of-input, expecting `end'
app/controllers/main_controller.rb:11: syntax error, unexpected ':', expecting `end'
app/controllers/main_controller.rb:19: syntax error, unexpected end-of-input, expecting `end'
Started POST "/users" for 127.0.0.1 at 2022-03-11 17:23:29 +0000
  
SyntaxError (/home/vmuser/Desktop/Vee/myApplication/app/controllers/main_controller.rb:17: syntax error, unexpected end-of-input, expecting `end'):
  
app/controllers/main_controller.rb:17: syntax error, unexpected end-of-input, expecting `end'
app/controllers/main_controller.rb:17: syntax error, unexpected end-of-input, expecting `end'
app/controllers/main_controller.rb:17: syntax error, unexpected end-of-input, expecting `end'
Started POST "/users" for 127.0.0.1 at 2022-03-11 17:23:42 +0000
  
SyntaxError (/home/vmuser/Desktop/Vee/myApplication/app/controllers/main_controller.rb:11: syntax error, unexpected ':', expecting `end'
            render: new
                  ^
):
  
app/controllers/main_controller.rb:11: syntax error, unexpected ':', expecting `end'
app/controllers/main_controller.rb:11: syntax error, unexpected ':', expecting `end'
app/controllers/main_controller.rb:11: syntax error, unexpected ':', expecting `end'
Started POST "/users" for 127.0.0.1 at 2022-03-11 17:24:05 +0000
Processing by MainController#create as HTML
  Parameters: {"authenticity_token"=>"[FILTERED]", "user"=>{"email"=>"William@gmail.comS", "type"=>"student", "password"=>"[FILTERED]", "password_confirmation"=>"[FILTERED]"}, "commit"=>"Create User"}
[31mUnpermitted parameter: :type. Context: { controller: MainController, action: create, request: #<ActionDispatch::Request:0x0000556292382b48>, params: {"authenticity_token"=>"[FILTERED]", "user"=>{"email"=>"William@gmail.comS", "type"=>"student", "password"=>"[FILTERED]", "password_confirmation"=>"[FILTERED]"}, "commit"=>"Create User", "controller"=>"main", "action"=>"create"} }[0m
  [1m[35m (0.1ms)[0m  [1m[34mSELECT sqlite_version(*)[0m
  ↳ app/controllers/main_controller.rb:7:in `create'
  [1m[36mTRANSACTION (0.1ms)[0m  [1m[36mbegin transaction[0m
  ↳ app/controllers/main_controller.rb:8:in `create'
  [1m[36mUser Create (0.2ms)[0m  [1m[32mINSERT INTO "users" ("email", "user_type", "password_digest", "created_at", "updated_at") VALUES (?, ?, ?, ?, ?)[0m  [["email", "William@gmail.comS"], ["user_type", nil], ["password_digest", "[FILTERED]"], ["created_at", "2022-03-11 17:24:05.304870"], ["updated_at", "2022-03-11 17:24:05.304870"]]
  ↳ app/controllers/main_controller.rb:8:in `create'
  [1m[36mTRANSACTION (107.7ms)[0m  [1m[36mcommit transaction[0m
  ↳ app/controllers/main_controller.rb:8:in `create'
Completed 500 Internal Server Error in 324ms (ActiveRecord: 108.2ms | Allocations: 9595)


  
NameError (undefined local variable or method `root_path' for #<MainController:0x000000000589f8>):
  
app/controllers/main_controller.rb:9:in `create'
Started POST "/users" for 127.0.0.1 at 2022-03-11 17:24:15 +0000
  
SyntaxError (/home/vmuser/Desktop/Vee/myApplication/app/controllers/main_controller.rb:9: syntax error, unexpected symbol literal, expecting `do' or '{' or '('
...direct_to root_path , notice :"Successfully created account"
...                             ^~
):
  
app/controllers/main_controller.rb:9: syntax error, unexpected symbol literal, expecting `do' or '{' or '('
app/controllers/main_controller.rb:9: syntax error, unexpected symbol literal, expecting `do' or '{' or '('
app/controllers/main_controller.rb:9: syntax error, unexpected symbol literal, expecting `do' or '{' or '('
Started POST "/users" for 127.0.0.1 at 2022-03-11 17:24:28 +0000
Processing by MainController#create as HTML
  Parameters: {"authenticity_token"=>"[FILTERED]", "user"=>{"email"=>"William@gmail.comS", "type"=>"student", "password"=>"[FILTERED]", "password_confirmation"=>"[FILTERED]"}, "commit"=>"Create User"}
[31mUnpermitted parameter: :type. Context: { controller: MainController, action: create, request: #<ActionDispatch::Request:0x00007f54c0d22078>, params: {"authenticity_token"=>"[FILTERED]", "user"=>{"email"=>"William@gmail.comS", "type"=>"student", "password"=>"[FILTERED]", "password_confirmation"=>"[FILTERED]"}, "commit"=>"Create User", "controller"=>"main", "action"=>"create"} }[0m
  [1m[35m (0.0ms)[0m  [1m[34mSELECT sqlite_version(*)[0m
  ↳ app/controllers/main_controller.rb:7:in `create'
  [1m[36mTRANSACTION (0.0ms)[0m  [1m[36mbegin transaction[0m
  ↳ app/controllers/main_controller.rb:8:in `create'
  [1m[36mUser Create (0.2ms)[0m  [1m[32mINSERT INTO "users" ("email", "user_type", "password_digest", "created_at", "updated_at") VALUES (?, ?, ?, ?, ?)[0m  [["email", "William@gmail.comS"], ["user_type", nil], ["password_digest", "[FILTERED]"], ["created_at", "2022-03-11 17:24:28.750829"], ["updated_at", "2022-03-11 17:24:28.750829"]]
  ↳ app/controllers/main_controller.rb:8:in `create'
  [1m[36mTRANSACTION (90.5ms)[0m  [1m[36mcommit transaction[0m
  ↳ app/controllers/main_controller.rb:8:in `create'
Completed 500 Internal Server Error in 305ms (ActiveRecord: 91.3ms | Allocations: 8637)


  
NameError (undefined local variable or method `root_path' for #<MainController:0x00000000060590>):
  
app/controllers/main_controller.rb:9:in `create'
Started POST "/users" for 127.0.0.1 at 2022-03-11 17:24:41 +0000
Processing by MainController#create as HTML
  Parameters: {"authenticity_token"=>"[FILTERED]", "user"=>{"email"=>"William@gmail.comS", "type"=>"student", "password"=>"[FILTERED]", "password_confirmation"=>"[FILTERED]"}, "commit"=>"Create User"}
[31mUnpermitted parameter: :type. Context: { controller: MainController, action: create, request: #<ActionDispatch::Request:0x00007f54b1e9b508>, params: {"authenticity_token"=>"[FILTERED]", "user"=>{"email"=>"William@gmail.comS", "type"=>"student", "password"=>"[FILTERED]", "password_confirmation"=>"[FILTERED]"}, "commit"=>"Create User", "controller"=>"main", "action"=>"create"} }[0m
  [1m[35m (0.0ms)[0m  [1m[34mSELECT sqlite_version(*)[0m
  ↳ app/controllers/main_controller.rb:7:in `create'
No template found for MainController#create, rendering head :no_content
Completed 204 No Content in 188ms (ActiveRecord: 0.5ms | Allocations: 4008)


Started POST "/users" for 127.0.0.1 at 2022-03-11 17:24:51 +0000
Processing by MainController#create as HTML
  Parameters: {"authenticity_token"=>"[FILTERED]", "user"=>{"email"=>"William@gmail.comS", "type"=>"student", "password"=>"[FILTERED]", "password_confirmation"=>"[FILTERED]"}, "commit"=>"Create User"}
[31mUnpermitted parameter: :type. Context: { controller: MainController, action: create, request: #<ActionDispatch::Request:0x00007f54c0401f48>, params: {"authenticity_token"=>"[FILTERED]", "user"=>{"email"=>"William@gmail.comS", "type"=>"student", "password"=>"[FILTERED]", "password_confirmation"=>"[FILTERED]"}, "commit"=>"Create User", "controller"=>"main", "action"=>"create"} }[0m
  [1m[35m (0.1ms)[0m  [1m[34mSELECT sqlite_version(*)[0m
  ↳ app/controllers/main_controller.rb:7:in `create'
No template found for MainController#create, rendering head :no_content
Completed 204 No Content in 188ms (ActiveRecord: 0.8ms | Allocations: 3874)


Started POST "/users" for 127.0.0.1 at 2022-03-11 17:25:19 +0000
Processing by MainController#create as HTML
  Parameters: {"authenticity_token"=>"[FILTERED]", "user"=>{"email"=>"William@gmail.comS", "type"=>"student", "password"=>"[FILTERED]", "password_confirmation"=>"[FILTERED]"}, "commit"=>"Create User"}
[31mUnpermitted parameter: :type. Context: { controller: MainController, action: create, request: #<ActionDispatch::Request:0x00007f54c0cb9618>, params: {"authenticity_token"=>"[FILTERED]", "user"=>{"email"=>"William@gmail.comS", "type"=>"student", "password"=>"[FILTERED]", "password_confirmation"=>"[FILTERED]"}, "commit"=>"Create User", "controller"=>"main", "action"=>"create"} }[0m
  [1m[35m (0.0ms)[0m  [1m[34mSELECT sqlite_version(*)[0m
  ↳ app/controllers/main_controller.rb:7:in `create'
No template found for MainController#create, rendering head :no_content
Completed 204 No Content in 187ms (ActiveRecord: 0.6ms | Allocations: 3837)


Started POST "/users" for 127.0.0.1 at 2022-03-11 17:25:41 +0000
  [1m[35m (0.6ms)[0m  [1m[34mSELECT sqlite_version(*)[0m
  [1m[36mActiveRecord::SchemaMigration Pluck (0.1ms)[0m  [1m[34mSELECT "schema_migrations"."version" FROM "schema_migrations" ORDER BY "schema_migrations"."version" ASC[0m
Processing by MainController#create as HTML
  Parameters: {"authenticity_token"=>"[FILTERED]", "user"=>{"email"=>"William@gmail.comS", "type"=>"student", "password"=>"[FILTERED]", "password_confirmation"=>"[FILTERED]"}, "commit"=>"Create User"}
[31mUnpermitted parameter: :type. Context: { controller: MainController, action: create, request: #<ActionDispatch::Request:0x00007fe68c9434f8>, params: {"authenticity_token"=>"[FILTERED]", "user"=>{"email"=>"William@gmail.comS", "type"=>"student", "password"=>"[FILTERED]", "password_confirmation"=>"[FILTERED]"}, "commit"=>"Create User", "controller"=>"main", "action"=>"create"} }[0m
No template found for MainController#create, rendering head :no_content
Completed 204 No Content in 197ms (ActiveRecord: 0.4ms | Allocations: 10259)


Started POST "/users" for 127.0.0.1 at 2022-03-11 17:25:48 +0000
Processing by MainController#create as HTML
  Parameters: {"authenticity_token"=>"[FILTERED]", "user"=>{"email"=>"William@gmail.comS", "type"=>"student", "password"=>"[FILTERED]", "password_confirmation"=>"[FILTERED]"}, "commit"=>"Create User"}
[31mUnpermitted parameter: :type. Context: { controller: MainController, action: create, request: #<ActionDispatch::Request:0x00007fe68c89bcd0>, params: {"authenticity_token"=>"[FILTERED]", "user"=>{"email"=>"William@gmail.comS", "type"=>"student", "password"=>"[FILTERED]", "password_confirmation"=>"[FILTERED]"}, "commit"=>"Create User", "controller"=>"main", "action"=>"create"} }[0m
No template found for MainController#create, rendering head :no_content
Completed 204 No Content in 190ms (ActiveRecord: 0.0ms | Allocations: 943)


Started POST "/users" for 127.0.0.1 at 2022-03-11 17:25:50 +0000
Processing by MainController#create as HTML
  Parameters: {"authenticity_token"=>"[FILTERED]", "user"=>{"email"=>"William@gmail.comS", "type"=>"student", "password"=>"[FILTERED]", "password_confirmation"=>"[FILTERED]"}, "commit"=>"Create User"}
[31mUnpermitted parameter: :type. Context: { controller: MainController, action: create, request: #<ActionDispatch::Request:0x00007fe68c9406e0>, params: {"authenticity_token"=>"[FILTERED]", "user"=>{"email"=>"William@gmail.comS", "type"=>"student", "password"=>"[FILTERED]", "password_confirmation"=>"[FILTERED]"}, "commit"=>"Create User", "controller"=>"main", "action"=>"create"} }[0m
No template found for MainController#create, rendering head :no_content
Completed 204 No Content in 188ms (ActiveRecord: 0.0ms | Allocations: 586)


Started POST "/users" for 127.0.0.1 at 2022-03-11 17:25:53 +0000
Processing by MainController#create as HTML
  Parameters: {"authenticity_token"=>"[FILTERED]", "user"=>{"email"=>"William@gmail.comS", "type"=>"student", "password"=>"[FILTERED]", "password_confirmation"=>"[FILTERED]"}, "commit"=>"Create User"}
[31mUnpermitted parameter: :type. Context: { controller: MainController, action: create, request: #<ActionDispatch::Request:0x00007fe68c96bb38>, params: {"authenticity_token"=>"[FILTERED]", "user"=>{"email"=>"William@gmail.comS", "type"=>"student", "password"=>"[FILTERED]", "password_confirmation"=>"[FILTERED]"}, "commit"=>"Create User", "controller"=>"main", "action"=>"create"} }[0m
No template found for MainController#create, rendering head :no_content
Completed 204 No Content in 201ms (ActiveRecord: 0.0ms | Allocations: 591)


Started POST "/users" for 127.0.0.1 at 2022-03-11 17:25:54 +0000
Processing by MainController#create as HTML
  Parameters: {"authenticity_token"=>"[FILTERED]", "user"=>{"email"=>"William@gmail.comS", "type"=>"student", "password"=>"[FILTERED]", "password_confirmation"=>"[FILTERED]"}, "commit"=>"Create User"}
[31mUnpermitted parameter: :type. Context: { controller: MainController, action: create, request: #<ActionDispatch::Request:0x00007fe68c9b4400>, params: {"authenticity_token"=>"[FILTERED]", "user"=>{"email"=>"William@gmail.comS", "type"=>"student", "password"=>"[FILTERED]", "password_confirmation"=>"[FILTERED]"}, "commit"=>"Create User", "controller"=>"main", "action"=>"create"} }[0m
No template found for MainController#create, rendering head :no_content
Completed 204 No Content in 183ms (ActiveRecord: 0.0ms | Allocations: 596)


Started POST "/users" for 127.0.0.1 at 2022-03-11 17:27:13 +0000
  
SyntaxError (/home/vmuser/Desktop/Vee/myApplication/app/controllers/main_controller.rb:9: syntax error, unexpected ':', expecting `end'
            render plain : "Success"
                         ^
/home/vmuser/Desktop/Vee/myApplication/app/controllers/main_controller.rb:16: syntax error, unexpected end-of-input, expecting `end'):
  
app/controllers/main_controller.rb:9: syntax error, unexpected ':', expecting `end'
app/controllers/main_controller.rb:16: syntax error, unexpected end-of-input, expecting `end'
app/controllers/main_controller.rb:9: syntax error, unexpected ':', expecting `end'
app/controllers/main_controller.rb:16: syntax error, unexpected end-of-input, expecting `end'
app/controllers/main_controller.rb:9: syntax error, unexpected ':', expecting `end'
app/controllers/main_controller.rb:16: syntax error, unexpected end-of-input, expecting `end'
Started POST "/users" for 127.0.0.1 at 2022-03-11 17:27:24 +0000
  
SyntaxError (/home/vmuser/Desktop/Vee/myApplication/app/controllers/main_controller.rb:9: syntax error, unexpected ':', expecting `end'
            render plain : "Success"
                         ^
):
  
app/controllers/main_controller.rb:9: syntax error, unexpected ':', expecting `end'
app/controllers/main_controller.rb:9: syntax error, unexpected ':', expecting `end'
app/controllers/main_controller.rb:9: syntax error, unexpected ':', expecting `end'
Started POST "/users" for 127.0.0.1 at 2022-03-11 17:27:47 +0000
Processing by MainController#create as HTML
  Parameters: {"authenticity_token"=>"[FILTERED]", "user"=>{"email"=>"William@gmail.comS", "type"=>"student", "password"=>"[FILTERED]", "password_confirmation"=>"[FILTERED]"}, "commit"=>"Create User"}
[31mUnpermitted parameter: :type. Context: { controller: MainController, action: create, request: #<ActionDispatch::Request:0x00007fe68cb1cbf8>, params: {"authenticity_token"=>"[FILTERED]", "user"=>{"email"=>"William@gmail.comS", "type"=>"student", "password"=>"[FILTERED]", "password_confirmation"=>"[FILTERED]"}, "commit"=>"Create User", "controller"=>"main", "action"=>"create"} }[0m
  [1m[35m (0.1ms)[0m  [1m[34mSELECT sqlite_version(*)[0m
  ↳ app/controllers/main_controller.rb:7:in `create'
  [1m[36mTRANSACTION (0.0ms)[0m  [1m[36mbegin transaction[0m
  ↳ app/controllers/main_controller.rb:8:in `create'
  [1m[36mUser Create (0.2ms)[0m  [1m[32mINSERT INTO "users" ("email", "user_type", "password_digest", "created_at", "updated_at") VALUES (?, ?, ?, ?, ?)[0m  [["email", "William@gmail.comS"], ["user_type", nil], ["password_digest", "[FILTERED]"], ["created_at", "2022-03-11 17:27:47.950922"], ["updated_at", "2022-03-11 17:27:47.950922"]]
  ↳ app/controllers/main_controller.rb:8:in `create'
  [1m[36mTRANSACTION (108.0ms)[0m  [1m[36mcommit transaction[0m
  ↳ app/controllers/main_controller.rb:8:in `create'
Completed 500 Internal Server Error in 317ms (ActiveRecord: 109.1ms | Allocations: 9905)


  
NoMethodError (undefined method `plain' for #<MainController:0x00000000015a40>):
  
app/controllers/main_controller.rb:9:in `create'
Started POST "/users" for 127.0.0.1 at 2022-03-11 17:28:09 +0000
Processing by MainController#create as HTML
  Parameters: {"authenticity_token"=>"[FILTERED]", "user"=>{"email"=>"William@gmail.comS", "type"=>"student", "password"=>"[FILTERED]", "password_confirmation"=>"[FILTERED]"}, "commit"=>"Create User"}
[31mUnpermitted parameter: :type. Context: { controller: MainController, action: create, request: #<ActionDispatch::Request:0x00007fe68ccc97d0>, params: {"authenticity_token"=>"[FILTERED]", "user"=>{"email"=>"William@gmail.comS", "type"=>"student", "password"=>"[FILTERED]", "password_confirmation"=>"[FILTERED]"}, "commit"=>"Create User", "controller"=>"main", "action"=>"create"} }[0m
  [1m[35m (0.0ms)[0m  [1m[34mSELECT sqlite_version(*)[0m
  ↳ app/controllers/main_controller.rb:7:in `create'
  [1m[36mTRANSACTION (0.0ms)[0m  [1m[36mbegin transaction[0m
  ↳ app/controllers/main_controller.rb:8:in `create'
  [1m[36mUser Create (0.2ms)[0m  [1m[32mINSERT INTO "users" ("email", "user_type", "password_digest", "created_at", "updated_at") VALUES (?, ?, ?, ?, ?)[0m  [["email", "William@gmail.comS"], ["user_type", nil], ["password_digest", "[FILTERED]"], ["created_at", "2022-03-11 17:28:09.918135"], ["updated_at", "2022-03-11 17:28:09.918135"]]
  ↳ app/controllers/main_controller.rb:8:in `create'
  [1m[36mTRANSACTION (60.5ms)[0m  [1m[36mcommit transaction[0m
  ↳ app/controllers/main_controller.rb:8:in `create'
  Rendering layout layouts/application.html.erb
  Rendering main/new.html.erb within layouts/application
  Rendered main/new.html.erb within layouts/application (Duration: 24.6ms | Allocations: 3790)
  Rendered layout layouts/application.html.erb (Duration: 27.3ms | Allocations: 4194)
Completed 200 OK in 297ms (Views: 33.2ms | ActiveRecord: 61.2ms | Allocations: 11137)


Started PATCH "/users" for 127.0.0.1 at 2022-03-11 17:28:13 +0000
  
ActionController::RoutingError (No route matches [PATCH] "/users"):
  
Started PATCH "/users" for 127.0.0.1 at 2022-03-11 17:28:21 +0000
  
ActionController::RoutingError (No route matches [PATCH] "/users"):
  
Started PATCH "/users" for 127.0.0.1 at 2022-03-11 17:28:34 +0000
  
ActionController::RoutingError (No route matches [PATCH] "/users"):
  
Started PATCH "/users" for 127.0.0.1 at 2022-03-11 17:28:36 +0000
  
ActionController::RoutingError (No route matches [PATCH] "/users"):
  
Started GET "/" for 127.0.0.1 at 2022-03-11 17:41:44 +0000
  [1m[36mActiveRecord::SchemaMigration Pluck (0.2ms)[0m  [1m[34mSELECT `schema_migrations`.`version` FROM `schema_migrations` ORDER BY `schema_migrations`.`version` ASC[0m
  [1m[36mCACHE ActiveRecord::SchemaMigration Pluck (0.0ms)[0m  [1m[34mSELECT `schema_migrations`.`version` FROM `schema_migrations` ORDER BY `schema_migrations`.`version` ASC[0m
  
ActiveRecord::PendingMigrationError (

Migrations are pending. To resolve this issue, run:

        bin/rails db:migrate RAILS_ENV=development

You have 1 pending migration:

20220311160906_create_users.rb


):
  
activerecord (7.0.2.3) lib/active_record/migration.rb:627:in `check_pending!'
activerecord (7.0.2.3) lib/active_record/migration.rb:592:in `block (2 levels) in call'
activesupport (7.0.2.3) lib/active_support/file_update_checker.rb:83:in `execute'
activerecord (7.0.2.3) lib/active_record/migration.rb:597:in `block in call'
activerecord (7.0.2.3) lib/active_record/migration.rb:589:in `synchronize'
activerecord (7.0.2.3) lib/active_record/migration.rb:589:in `call'
actionpack (7.0.2.3) lib/action_dispatch/middleware/callbacks.rb:27:in `block in call'
activesupport (7.0.2.3) lib/active_support/callbacks.rb:99:in `run_callbacks'
actionpack (7.0.2.3) lib/action_dispatch/middleware/callbacks.rb:26:in `call'
actionpack (7.0.2.3) lib/action_dispatch/middleware/executor.rb:14:in `call'
actionpack (7.0.2.3) lib/action_dispatch/middleware/actionable_exceptions.rb:17:in `call'
actionpack (7.0.2.3) lib/action_dispatch/middleware/debug_exceptions.rb:28:in `call'
web-console (4.2.0) lib/web_console/middleware.rb:132:in `call_app'
web-console (4.2.0) lib/web_console/middleware.rb:28:in `block in call'
web-console (4.2.0) lib/web_console/middleware.rb:17:in `catch'
web-console (4.2.0) lib/web_console/middleware.rb:17:in `call'
actionpack (7.0.2.3) lib/action_dispatch/middleware/show_exceptions.rb:26:in `call'
railties (7.0.2.3) lib/rails/rack/logger.rb:36:in `call_app'
railties (7.0.2.3) lib/rails/rack/logger.rb:25:in `block in call'
activesupport (7.0.2.3) lib/active_support/tagged_logging.rb:99:in `block in tagged'
activesupport (7.0.2.3) lib/active_support/tagged_logging.rb:37:in `tagged'
activesupport (7.0.2.3) lib/active_support/tagged_logging.rb:99:in `tagged'
railties (7.0.2.3) lib/rails/rack/logger.rb:25:in `call'
sprockets-rails (3.4.2) lib/sprockets/rails/quiet_assets.rb:13:in `call'
actionpack (7.0.2.3) lib/action_dispatch/middleware/remote_ip.rb:93:in `call'
actionpack (7.0.2.3) lib/action_dispatch/middleware/request_id.rb:26:in `call'
rack (2.2.3) lib/rack/method_override.rb:24:in `call'
rack (2.2.3) lib/rack/runtime.rb:22:in `call'
activesupport (7.0.2.3) lib/active_support/cache/strategy/local_cache_middleware.rb:29:in `call'
actionpack (7.0.2.3) lib/action_dispatch/middleware/server_timing.rb:20:in `call'
actionpack (7.0.2.3) lib/action_dispatch/middleware/executor.rb:14:in `call'
actionpack (7.0.2.3) lib/action_dispatch/middleware/static.rb:23:in `call'
rack (2.2.3) lib/rack/sendfile.rb:110:in `call'
actionpack (7.0.2.3) lib/action_dispatch/middleware/host_authorization.rb:137:in `call'
railties (7.0.2.3) lib/rails/engine.rb:530:in `call'
puma (5.6.2) lib/puma/configuration.rb:252:in `call'
puma (5.6.2) lib/puma/request.rb:77:in `block in handle_request'
puma (5.6.2) lib/puma/thread_pool.rb:340:in `with_force_shutdown'
puma (5.6.2) lib/puma/request.rb:76:in `handle_request'
puma (5.6.2) lib/puma/server.rb:441:in `process_client'
puma (5.6.2) lib/puma/thread_pool.rb:147:in `block in spawn_thread'
Started POST "/rails/actions" for 127.0.0.1 at 2022-03-11 17:41:50 +0000
  [1m[35m (0.2ms)[0m  [1m[34mSELECT GET_LOCK('268093755629157570', 0)[0m
  [1m[36mActiveRecord::SchemaMigration Pluck (0.2ms)[0m  [1m[34mSELECT `schema_migrations`.`version` FROM `schema_migrations` ORDER BY `schema_migrations`.`version` ASC[0m
Migrating to CreateUsers (20220311160906)
  [1m[35m (0.7ms)[0m  [1m[35mCREATE TABLE `users` (`id` bigint NOT NULL AUTO_INCREMENT PRIMARY KEY, `email` varchar(255), `user_type` varchar(255), `password_digest` varchar(255), `created_at` datetime(6) NOT NULL, `updated_at` datetime(6) NOT NULL)[0m
  [1m[35m (0.2ms)[0m  [1m[34mSELECT RELEASE_LOCK('268093755629157570')[0m
  
StandardError (An error has occurred, all later migrations canceled:

Mysql2::Error: Table 'users' already exists):
  
mysql2 (0.5.3) lib/mysql2/client.rb:131:in `_query'
mysql2 (0.5.3) lib/mysql2/client.rb:131:in `block in query'
mysql2 (0.5.3) lib/mysql2/client.rb:130:in `handle_interrupt'
mysql2 (0.5.3) lib/mysql2/client.rb:130:in `query'
activerecord (7.0.2.3) lib/active_record/connection_adapters/abstract_mysql_adapter.rb:632:in `block (2 levels) in raw_execute'
activesupport (7.0.2.3) lib/active_support/concurrency/share_lock.rb:187:in `yield_shares'
activesupport (7.0.2.3) lib/active_support/dependencies/interlock.rb:41:in `permit_concurrent_loads'
activerecord (7.0.2.3) lib/active_record/connection_adapters/abstract_mysql_adapter.rb:631:in `block in raw_execute'
activesupport (7.0.2.3) lib/active_support/concurrency/load_interlock_aware_monitor.rb:25:in `handle_interrupt'
activesupport (7.0.2.3) lib/active_support/concurrency/load_interlock_aware_monitor.rb:25:in `block in synchronize'
activesupport (7.0.2.3) lib/active_support/concurrency/load_interlock_aware_monitor.rb:21:in `handle_interrupt'
activesupport (7.0.2.3) lib/active_support/concurrency/load_interlock_aware_monitor.rb:21:in `synchronize'
activerecord (7.0.2.3) lib/active_record/connection_adapters/abstract_adapter.rb:765:in `block in log'
activesupport (7.0.2.3) lib/active_support/notifications/instrumenter.rb:24:in `instrument'
activerecord (7.0.2.3) lib/active_record/connection_adapters/abstract_adapter.rb:756:in `log'
activerecord (7.0.2.3) lib/active_record/connection_adapters/abstract_mysql_adapter.rb:630:in `raw_execute'
activerecord (7.0.2.3) lib/active_record/connection_adapters/mysql/database_statements.rb:96:in `raw_execute'
activerecord (7.0.2.3) lib/active_record/connection_adapters/mysql/database_statements.rb:47:in `execute'
activerecord (7.0.2.3) lib/active_record/connection_adapters/abstract/schema_statements.rb:325:in `create_table'
activerecord (7.0.2.3) lib/active_record/connection_adapters/mysql/schema_statements.rb:81:in `create_table'
activerecord (7.0.2.3) lib/active_record/migration.rb:931:in `block in method_missing'
activerecord (7.0.2.3) lib/active_record/migration.rb:899:in `block in say_with_time'
/home/vmuser/.rbenv/versions/3.0.3/lib/ruby/3.0.0/benchmark.rb:293:in `measure'
activerecord (7.0.2.3) lib/active_record/migration.rb:899:in `say_with_time'
activerecord (7.0.2.3) lib/active_record/migration.rb:920:in `method_missing'
db/migrate/20220311160906_create_users.rb:3:in `change'
activerecord (7.0.2.3) lib/active_record/migration.rb:869:in `exec_migration'
activerecord (7.0.2.3) lib/active_record/migration.rb:853:in `block (2 levels) in migrate'
/home/vmuser/.rbenv/versions/3.0.3/lib/ruby/3.0.0/benchmark.rb:293:in `measure'
activerecord (7.0.2.3) lib/active_record/migration.rb:852:in `block in migrate'
activerecord (7.0.2.3) lib/active_record/connection_adapters/abstract/connection_pool.rb:215:in `with_connection'
activerecord (7.0.2.3) lib/active_record/migration.rb:851:in `migrate'
activerecord (7.0.2.3) lib/active_record/migration.rb:1045:in `migrate'
activerecord (7.0.2.3) lib/active_record/migration.rb:1359:in `block in execute_migration_in_transaction'
activerecord (7.0.2.3) lib/active_record/migration.rb:1412:in `ddl_transaction'
activerecord (7.0.2.3) lib/active_record/migration.rb:1358:in `execute_migration_in_transaction'
activerecord (7.0.2.3) lib/active_record/migration.rb:1332:in `each'
activerecord (7.0.2.3) lib/active_record/migration.rb:1332:in `migrate_without_lock'
activerecord (7.0.2.3) lib/active_record/migration.rb:1281:in `block in migrate'
activerecord (7.0.2.3) lib/active_record/migration.rb:1431:in `block in with_advisory_lock'
activerecord (7.0.2.3) lib/active_record/connection_adapters/abstract/connection_pool.rb:215:in `with_connection'
activerecord (7.0.2.3) lib/active_record/migration.rb:1446:in `with_advisory_lock_connection'
activerecord (7.0.2.3) lib/active_record/migration.rb:1427:in `with_advisory_lock'
activerecord (7.0.2.3) lib/active_record/migration.rb:1281:in `migrate'
activerecord (7.0.2.3) lib/active_record/migration.rb:1116:in `up'
activerecord (7.0.2.3) lib/active_record/migration.rb:1091:in `migrate'
activerecord (7.0.2.3) lib/active_record/tasks/database_tasks.rb:260:in `migrate'
activerecord (7.0.2.3) lib/active_record/migration.rb:137:in `block in <class:PendingMigrationError>'
activesupport (7.0.2.3) lib/active_support/actionable_error.rb:28:in `dispatch'
actionpack (7.0.2.3) lib/action_dispatch/middleware/actionable_exceptions.rb:19:in `call'
actionpack (7.0.2.3) lib/action_dispatch/middleware/debug_exceptions.rb:28:in `call'
web-console (4.2.0) lib/web_console/middleware.rb:132:in `call_app'
web-console (4.2.0) lib/web_console/middleware.rb:28:in `block in call'
web-console (4.2.0) lib/web_console/middleware.rb:17:in `catch'
web-console (4.2.0) lib/web_console/middleware.rb:17:in `call'
actionpack (7.0.2.3) lib/action_dispatch/middleware/show_exceptions.rb:26:in `call'
railties (7.0.2.3) lib/rails/rack/logger.rb:36:in `call_app'
railties (7.0.2.3) lib/rails/rack/logger.rb:25:in `block in call'
activesupport (7.0.2.3) lib/active_support/tagged_logging.rb:99:in `block in tagged'
activesupport (7.0.2.3) lib/active_support/tagged_logging.rb:37:in `tagged'
activesupport (7.0.2.3) lib/active_support/tagged_logging.rb:99:in `tagged'
railties (7.0.2.3) lib/rails/rack/logger.rb:25:in `call'
sprockets-rails (3.4.2) lib/sprockets/rails/quiet_assets.rb:13:in `call'
actionpack (7.0.2.3) lib/action_dispatch/middleware/remote_ip.rb:93:in `call'
actionpack (7.0.2.3) lib/action_dispatch/middleware/request_id.rb:26:in `call'
rack (2.2.3) lib/rack/method_override.rb:24:in `call'
rack (2.2.3) lib/rack/runtime.rb:22:in `call'
activesupport (7.0.2.3) lib/active_support/cache/strategy/local_cache_middleware.rb:29:in `call'
actionpack (7.0.2.3) lib/action_dispatch/middleware/server_timing.rb:20:in `call'
actionpack (7.0.2.3) lib/action_dispatch/middleware/executor.rb:14:in `call'
actionpack (7.0.2.3) lib/action_dispatch/middleware/static.rb:23:in `call'
rack (2.2.3) lib/rack/sendfile.rb:110:in `call'
actionpack (7.0.2.3) lib/action_dispatch/middleware/host_authorization.rb:137:in `call'
railties (7.0.2.3) lib/rails/engine.rb:530:in `call'
puma (5.6.2) lib/puma/configuration.rb:252:in `call'
puma (5.6.2) lib/puma/request.rb:77:in `block in handle_request'
puma (5.6.2) lib/puma/thread_pool.rb:340:in `with_force_shutdown'
puma (5.6.2) lib/puma/request.rb:76:in `handle_request'
puma (5.6.2) lib/puma/server.rb:441:in `process_client'
puma (5.6.2) lib/puma/thread_pool.rb:147:in `block in spawn_thread'
Started POST "/rails/actions" for 127.0.0.1 at 2022-03-11 17:51:43 +0000
  [1m[35m (0.2ms)[0m  [1m[34mSELECT GET_LOCK('268093755629157570', 0)[0m
  [1m[36mActiveRecord::SchemaMigration Pluck (0.3ms)[0m  [1m[34mSELECT `schema_migrations`.`version` FROM `schema_migrations` ORDER BY `schema_migrations`.`version` ASC[0m
Migrating to CreateUsers (20220311160906)
  [1m[35m (599.6ms)[0m  [1m[35mCREATE TABLE `users` (`id` bigint NOT NULL AUTO_INCREMENT PRIMARY KEY, `email` varchar(255), `user_type` varchar(255), `password_digest` varchar(255), `created_at` datetime(6) NOT NULL, `updated_at` datetime(6) NOT NULL)[0m
  [1m[36mTRANSACTION (0.4ms)[0m  [1m[35mBEGIN[0m
  [1m[36mActiveRecord::SchemaMigration Create (0.9ms)[0m  [1m[32mINSERT INTO `schema_migrations` (`version`) VALUES ('20220311160906')[0m
  [1m[36mTRANSACTION (217.0ms)[0m  [1m[35mCOMMIT[0m
  [1m[36mActiveRecord::InternalMetadata Load (1.2ms)[0m  [1m[34mSELECT `ar_internal_metadata`.* FROM `ar_internal_metadata` WHERE `ar_internal_metadata`.`key` = 'environment' LIMIT 1[0m
  [1m[35m (0.4ms)[0m  [1m[34mSELECT RELEASE_LOCK('268093755629157570')[0m
  [1m[36mActiveRecord::SchemaMigration Pluck (0.3ms)[0m  [1m[34mSELECT `schema_migrations`.`version` FROM `schema_migrations` ORDER BY `schema_migrations`.`version` ASC[0m
Started GET "/" for 127.0.0.1 at 2022-03-11 17:51:44 +0000
  [1m[36mActiveRecord::SchemaMigration Pluck (0.2ms)[0m  [1m[34mSELECT `schema_migrations`.`version` FROM `schema_migrations` ORDER BY `schema_migrations`.`version` ASC[0m
Processing by MainController#new as HTML
  Rendering layout layouts/application.html.erb
  Rendering main/new.html.erb within layouts/application
  Rendered main/new.html.erb within layouts/application (Duration: 8.9ms | Allocations: 4149)
  Rendered layout layouts/application.html.erb (Duration: 11.4ms | Allocations: 4556)
Completed 200 OK in 22ms (Views: 12.8ms | ActiveRecord: 1.9ms | Allocations: 12895)


Started POST "/users" for 127.0.0.1 at 2022-03-11 17:54:23 +0000
Processing by MainController#create as HTML
  Parameters: {"authenticity_token"=>"[FILTERED]", "user"=>{"email"=>"William@gmail.com", "type"=>"student", "password"=>"[FILTERED]", "password_confirmation"=>"[FILTERED]"}, "commit"=>"Create User"}
[31mUnpermitted parameter: :type. Context: { controller: MainController, action: create, request: #<ActionDispatch::Request:0x00007f47cccdf490>, params: {"authenticity_token"=>"[FILTERED]", "user"=>{"email"=>"William@gmail.com", "type"=>"student", "password"=>"[FILTERED]", "password_confirmation"=>"[FILTERED]"}, "commit"=>"Create User", "controller"=>"main", "action"=>"create"} }[0m
  [1m[36mTRANSACTION (0.1ms)[0m  [1m[35mBEGIN[0m
  ↳ app/controllers/main_controller.rb:8:in `create'
  [1m[36mUser Create (0.3ms)[0m  [1m[32mINSERT INTO `users` (`email`, `user_type`, `password_digest`, `created_at`, `updated_at`) VALUES ('William@gmail.com', NULL, '$2a$12$hvs.T7jZ9kRGDqY90hrYLONNnP/aMFkMgdU9uc78AKyQ5YTJx.Tem', '2022-03-11 17:54:23.542031', '2022-03-11 17:54:23.542031')[0m
  ↳ app/controllers/main_controller.rb:8:in `create'
  [1m[36mTRANSACTION (141.0ms)[0m  [1m[35mCOMMIT[0m
  ↳ app/controllers/main_controller.rb:8:in `create'
No template found for MainController#create, rendering head :no_content
Completed 204 No Content in 340ms (ActiveRecord: 141.4ms | Allocations: 3711)


Started POST "/users" for 127.0.0.1 at 2022-03-11 17:55:17 +0000
Processing by MainController#create as HTML
  Parameters: {"authenticity_token"=>"[FILTERED]", "user"=>{"email"=>"William@gmail.com", "type"=>"student", "password"=>"[FILTERED]", "password_confirmation"=>"[FILTERED]"}, "commit"=>"Create User"}
[31mUnpermitted parameter: :type. Context: { controller: MainController, action: create, request: #<ActionDispatch::Request:0x00007f47ccd8ed00>, params: {"authenticity_token"=>"[FILTERED]", "user"=>{"email"=>"William@gmail.com", "type"=>"student", "password"=>"[FILTERED]", "password_confirmation"=>"[FILTERED]"}, "commit"=>"Create User", "controller"=>"main", "action"=>"create"} }[0m
No template found for MainController#create, rendering head :no_content
Completed 204 No Content in 199ms (ActiveRecord: 0.0ms | Allocations: 1232)


Started POST "/users" for 127.0.0.1 at 2022-03-11 17:55:41 +0000
Processing by MainController#create as HTML
  Parameters: {"authenticity_token"=>"[FILTERED]", "user"=>{"email"=>"William@gmail.com", "type"=>"student", "password"=>"[FILTERED]", "password_confirmation"=>"[FILTERED]"}, "commit"=>"Create User"}
[31mUnpermitted parameter: :type. Context: { controller: MainController, action: create, request: #<ActionDispatch::Request:0x00007f47cceb5198>, params: {"authenticity_token"=>"[FILTERED]", "user"=>{"email"=>"William@gmail.com", "type"=>"student", "password"=>"[FILTERED]", "password_confirmation"=>"[FILTERED]"}, "commit"=>"Create User", "controller"=>"main", "action"=>"create"} }[0m
  [1m[36mTRANSACTION (0.2ms)[0m  [1m[35mBEGIN[0m
  ↳ app/controllers/main_controller.rb:8:in `create'
  [1m[36mUser Create (0.3ms)[0m  [1m[32mINSERT INTO `users` (`email`, `user_type`, `password_digest`, `created_at`, `updated_at`) VALUES ('William@gmail.com', NULL, '$2a$12$L3aiBzusa8bfnMlEG91kH.K1l97Z0B.el0zlAnEE5NH6TX2jrDshi', '2022-03-11 17:55:41.226802', '2022-03-11 17:55:41.226802')[0m
  ↳ app/controllers/main_controller.rb:8:in `create'
  [1m[36mTRANSACTION (128.5ms)[0m  [1m[35mCOMMIT[0m
  ↳ app/controllers/main_controller.rb:8:in `create'
No template found for MainController#create, rendering head :no_content
Completed 204 No Content in 341ms (ActiveRecord: 129.0ms | Allocations: 2477)


Started GET "/" for 127.0.0.1 at 2022-03-11 18:02:42 +0000
Processing by MainController#new as HTML
  Rendering layout layouts/application.html.erb
  Rendering main/new.html.erb within layouts/application
  Rendered main/new.html.erb within layouts/application (Duration: 4.3ms | Allocations: 1799)
  Rendered layout layouts/application.html.erb (Duration: 5.3ms | Allocations: 2147)
Completed 200 OK in 9ms (Views: 7.7ms | Allocations: 3322)


Started GET "/" for 127.0.0.1 at 2022-03-11 18:03:13 +0000
Processing by MainController#new as HTML
  Rendering layout layouts/application.html.erb
  Rendering main/new.html.erb within layouts/application
  Rendered main/new.html.erb within layouts/application (Duration: 6.3ms | Allocations: 1822)
  Rendered layout layouts/application.html.erb (Duration: 8.2ms | Allocations: 2170)
Completed 200 OK in 13ms (Views: 11.9ms | Allocations: 3339)


Started GET "/" for 127.0.0.1 at 2022-03-11 18:06:50 +0000
Processing by MainController#new as HTML
  Rendering layout layouts/application.html.erb
  Rendering main/new.html.erb within layouts/application
  Rendered main/new.html.erb within layouts/application (Duration: 2.4ms | Allocations: 1851)
  Rendered layout layouts/application.html.erb (Duration: 3.1ms | Allocations: 2200)
Completed 200 OK in 5ms (Views: 4.2ms | Allocations: 3372)


Started GET "/" for 127.0.0.1 at 2022-03-11 18:08:01 +0000
Processing by MainController#new as HTML
  Rendering layout layouts/application.html.erb
  Rendering main/new.html.erb within layouts/application
  Rendered main/new.html.erb within layouts/application (Duration: 9.5ms | Allocations: 1837)
  Rendered layout layouts/application.html.erb (Duration: 11.1ms | Allocations: 2186)
Completed 200 OK in 17ms (Views: 14.7ms | Allocations: 3359)


Started GET "/" for 127.0.0.1 at 2022-03-11 18:14:25 +0000
Processing by MainController#new as HTML
  Rendering layout layouts/application.html.erb
  Rendering main/new.html.erb within layouts/application
  Rendered main/new.html.erb within layouts/application (Duration: 58.6ms | Allocations: 30269)
  Rendered layout layouts/application.html.erb (Duration: 59.6ms | Allocations: 30617)
Completed 200 OK in 62ms (Views: 61.3ms | Allocations: 31788)


Started GET "/" for 127.0.0.1 at 2022-03-11 18:16:39 +0000
Processing by MainController#new as HTML
  Rendering layout layouts/application.html.erb
  Rendering main/new.html.erb within layouts/application
  Rendered main/new.html.erb within layouts/application (Duration: 13.7ms | Allocations: 4778)
  Rendered layout layouts/application.html.erb (Duration: 14.5ms | Allocations: 5126)
Completed 200 OK in 16ms (Views: 15.9ms | Allocations: 6297)


Started POST "/users" for 127.0.0.1 at 2022-03-11 18:19:07 +0000
Processing by MainController#create as HTML
  Parameters: {"authenticity_token"=>"[FILTERED]", "user"=>{"email"=>"William@gmail.com", "type"=>"student", "password"=>"[FILTERED]", "password_confirmation"=>"[FILTERED]"}, "commit"=>"Create User"}
[31mUnpermitted parameter: :type. Context: { controller: MainController, action: create, request: #<ActionDispatch::Request:0x00007f47c0788c28>, params: {"authenticity_token"=>"[FILTERED]", "user"=>{"email"=>"William@gmail.com", "type"=>"student", "password"=>"[FILTERED]", "password_confirmation"=>"[FILTERED]"}, "commit"=>"Create User", "controller"=>"main", "action"=>"create"} }[0m
No template found for MainController#create, rendering head :no_content
Completed 204 No Content in 8ms (ActiveRecord: 0.4ms | Allocations: 1518)


